C:\USERS\ROOT\DOCUMENTS\VISUAL STUDIO 2010\PROJECTS\SERIALPORTTEST\CODEPACK_DIRECTX\DEBUG\.NETFRAMEWORK,VERSION=V4.0.ASSEMBLYATTRIBUTES.OBJ
C:\USERS\ROOT\DOCUMENTS\VISUAL STUDIO 2010\PROJECTS\SERIALPORTTEST\CODEPACK_DIRECTX\DEBUG\.NETFRAMEWORK,VERSION=V4.0.ASSEMBLYATTRIBUTES.XDC
C:\USERS\ROOT\DOCUMENTS\VISUAL STUDIO 2010\PROJECTS\SERIALPORTTEST\CODEPACK_DIRECTX\DEBUG\ASSEMBLYINFO.OBJ
C:\USERS\ROOT\DOCUMENTS\VISUAL STUDIO 2010\PROJECTS\SERIALPORTTEST\CODEPACK_DIRECTX\DEBUG\ASSEMBLYINFO.XDC
C:\USERS\ROOT\DOCUMENTS\VISUAL STUDIO 2010\PROJECTS\SERIALPORTTEST\CODEPACK_DIRECTX\DEBUG\AUTOIUNKNOWN.OBJ
C:\USERS\ROOT\DOCUMENTS\VISUAL STUDIO 2010\PROJECTS\SERIALPORTTEST\CODEPACK_DIRECTX\DEBUG\AUTOIUNKNOWN.XDC
C:\USERS\ROOT\DOCUMENTS\VISUAL STUDIO 2010\PROJECTS\SERIALPORTTEST\CODEPACK_DIRECTX\DEBUG\AUTOPOINTER.OBJ
C:\USERS\ROOT\DOCUMENTS\VISUAL STUDIO 2010\PROJECTS\SERIALPORTTEST\CODEPACK_DIRECTX\DEBUG\AUTOPOINTER.XDC
C:\Users\root\Documents\Visual Studio 2010\Projects\SerialPortTest\CodePack_DirectX\Debug\cl.command.1.tlog
C:\Users\root\Documents\Visual Studio 2010\Projects\SerialPortTest\CodePack_DirectX\Debug\CL.read.1.tlog
C:\Users\root\Documents\Visual Studio 2010\Projects\SerialPortTest\CodePack_DirectX\Debug\CL.write.1.tlog
C:\USERS\ROOT\DOCUMENTS\VISUAL STUDIO 2010\PROJECTS\SERIALPORTTEST\CODEPACK_DIRECTX\DEBUG\COMMONUTILS.OBJ
C:\USERS\ROOT\DOCUMENTS\VISUAL STUDIO 2010\PROJECTS\SERIALPORTTEST\CODEPACK_DIRECTX\DEBUG\COMMONUTILS.XDC
C:\USERS\ROOT\DOCUMENTS\VISUAL STUDIO 2010\PROJECTS\SERIALPORTTEST\CODEPACK_DIRECTX\DEBUG\D2DCUSTOM.OBJ
C:\USERS\ROOT\DOCUMENTS\VISUAL STUDIO 2010\PROJECTS\SERIALPORTTEST\CODEPACK_DIRECTX\DEBUG\D2DCUSTOM.XDC
C:\USERS\ROOT\DOCUMENTS\VISUAL STUDIO 2010\PROJECTS\SERIALPORTTEST\CODEPACK_DIRECTX\DEBUG\D2DGEOMETRYSINK.OBJ
C:\USERS\ROOT\DOCUMENTS\VISUAL STUDIO 2010\PROJECTS\SERIALPORTTEST\CODEPACK_DIRECTX\DEBUG\D2DGEOMETRYSINK.XDC
C:\USERS\ROOT\DOCUMENTS\VISUAL STUDIO 2010\PROJECTS\SERIALPORTTEST\CODEPACK_DIRECTX\DEBUG\D2DINTERFACES.OBJ
C:\USERS\ROOT\DOCUMENTS\VISUAL STUDIO 2010\PROJECTS\SERIALPORTTEST\CODEPACK_DIRECTX\DEBUG\D2DINTERFACES.XDC
C:\USERS\ROOT\DOCUMENTS\VISUAL STUDIO 2010\PROJECTS\SERIALPORTTEST\CODEPACK_DIRECTX\DEBUG\D2DSTRUCTS.OBJ
C:\USERS\ROOT\DOCUMENTS\VISUAL STUDIO 2010\PROJECTS\SERIALPORTTEST\CODEPACK_DIRECTX\DEBUG\D2DSTRUCTS.XDC
C:\USERS\ROOT\DOCUMENTS\VISUAL STUDIO 2010\PROJECTS\SERIALPORTTEST\CODEPACK_DIRECTX\DEBUG\D2DTESSELLATIONSINK.OBJ
C:\USERS\ROOT\DOCUMENTS\VISUAL STUDIO 2010\PROJECTS\SERIALPORTTEST\CODEPACK_DIRECTX\DEBUG\D2DTESSELLATIONSINK.XDC
C:\USERS\ROOT\DOCUMENTS\VISUAL STUDIO 2010\PROJECTS\SERIALPORTTEST\CODEPACK_DIRECTX\DEBUG\D3D10ASYNCHRONOUS.OBJ
C:\USERS\ROOT\DOCUMENTS\VISUAL STUDIO 2010\PROJECTS\SERIALPORTTEST\CODEPACK_DIRECTX\DEBUG\D3D10ASYNCHRONOUS.XDC
C:\USERS\ROOT\DOCUMENTS\VISUAL STUDIO 2010\PROJECTS\SERIALPORTTEST\CODEPACK_DIRECTX\DEBUG\D3D10BLENDSTATE.OBJ
C:\USERS\ROOT\DOCUMENTS\VISUAL STUDIO 2010\PROJECTS\SERIALPORTTEST\CODEPACK_DIRECTX\DEBUG\D3D10BLENDSTATE.XDC
C:\USERS\ROOT\DOCUMENTS\VISUAL STUDIO 2010\PROJECTS\SERIALPORTTEST\CODEPACK_DIRECTX\DEBUG\D3D10BLENDSTATE1.OBJ
C:\USERS\ROOT\DOCUMENTS\VISUAL STUDIO 2010\PROJECTS\SERIALPORTTEST\CODEPACK_DIRECTX\DEBUG\D3D10BLENDSTATE1.XDC
C:\USERS\ROOT\DOCUMENTS\VISUAL STUDIO 2010\PROJECTS\SERIALPORTTEST\CODEPACK_DIRECTX\DEBUG\D3D10BLOB.OBJ
C:\USERS\ROOT\DOCUMENTS\VISUAL STUDIO 2010\PROJECTS\SERIALPORTTEST\CODEPACK_DIRECTX\DEBUG\D3D10BLOB.XDC
C:\USERS\ROOT\DOCUMENTS\VISUAL STUDIO 2010\PROJECTS\SERIALPORTTEST\CODEPACK_DIRECTX\DEBUG\D3D10BUFFER.OBJ
C:\USERS\ROOT\DOCUMENTS\VISUAL STUDIO 2010\PROJECTS\SERIALPORTTEST\CODEPACK_DIRECTX\DEBUG\D3D10BUFFER.XDC
C:\USERS\ROOT\DOCUMENTS\VISUAL STUDIO 2010\PROJECTS\SERIALPORTTEST\CODEPACK_DIRECTX\DEBUG\D3D10COUNTER.OBJ
C:\USERS\ROOT\DOCUMENTS\VISUAL STUDIO 2010\PROJECTS\SERIALPORTTEST\CODEPACK_DIRECTX\DEBUG\D3D10COUNTER.XDC
C:\USERS\ROOT\DOCUMENTS\VISUAL STUDIO 2010\PROJECTS\SERIALPORTTEST\CODEPACK_DIRECTX\DEBUG\D3D10DEBUG.OBJ
C:\USERS\ROOT\DOCUMENTS\VISUAL STUDIO 2010\PROJECTS\SERIALPORTTEST\CODEPACK_DIRECTX\DEBUG\D3D10DEBUG.XDC
C:\USERS\ROOT\DOCUMENTS\VISUAL STUDIO 2010\PROJECTS\SERIALPORTTEST\CODEPACK_DIRECTX\DEBUG\D3D10DEPTHSTENCILSTATE.OBJ
C:\USERS\ROOT\DOCUMENTS\VISUAL STUDIO 2010\PROJECTS\SERIALPORTTEST\CODEPACK_DIRECTX\DEBUG\D3D10DEPTHSTENCILSTATE.XDC
C:\USERS\ROOT\DOCUMENTS\VISUAL STUDIO 2010\PROJECTS\SERIALPORTTEST\CODEPACK_DIRECTX\DEBUG\D3D10DEPTHSTENCILVIEW.OBJ
C:\USERS\ROOT\DOCUMENTS\VISUAL STUDIO 2010\PROJECTS\SERIALPORTTEST\CODEPACK_DIRECTX\DEBUG\D3D10DEPTHSTENCILVIEW.XDC
C:\USERS\ROOT\DOCUMENTS\VISUAL STUDIO 2010\PROJECTS\SERIALPORTTEST\CODEPACK_DIRECTX\DEBUG\D3D10DEVICE.OBJ
C:\USERS\ROOT\DOCUMENTS\VISUAL STUDIO 2010\PROJECTS\SERIALPORTTEST\CODEPACK_DIRECTX\DEBUG\D3D10DEVICE.XDC
C:\USERS\ROOT\DOCUMENTS\VISUAL STUDIO 2010\PROJECTS\SERIALPORTTEST\CODEPACK_DIRECTX\DEBUG\D3D10DEVICE1.OBJ
C:\USERS\ROOT\DOCUMENTS\VISUAL STUDIO 2010\PROJECTS\SERIALPORTTEST\CODEPACK_DIRECTX\DEBUG\D3D10DEVICE1.XDC
C:\USERS\ROOT\DOCUMENTS\VISUAL STUDIO 2010\PROJECTS\SERIALPORTTEST\CODEPACK_DIRECTX\DEBUG\D3D10DEVICECHILD.OBJ
C:\USERS\ROOT\DOCUMENTS\VISUAL STUDIO 2010\PROJECTS\SERIALPORTTEST\CODEPACK_DIRECTX\DEBUG\D3D10DEVICECHILD.XDC
C:\USERS\ROOT\DOCUMENTS\VISUAL STUDIO 2010\PROJECTS\SERIALPORTTEST\CODEPACK_DIRECTX\DEBUG\D3D10EFFECT.OBJ
C:\USERS\ROOT\DOCUMENTS\VISUAL STUDIO 2010\PROJECTS\SERIALPORTTEST\CODEPACK_DIRECTX\DEBUG\D3D10EFFECT.XDC
C:\USERS\ROOT\DOCUMENTS\VISUAL STUDIO 2010\PROJECTS\SERIALPORTTEST\CODEPACK_DIRECTX\DEBUG\D3D10EFFECTBLENDVARIABLE.OBJ
C:\USERS\ROOT\DOCUMENTS\VISUAL STUDIO 2010\PROJECTS\SERIALPORTTEST\CODEPACK_DIRECTX\DEBUG\D3D10EFFECTBLENDVARIABLE.XDC
C:\USERS\ROOT\DOCUMENTS\VISUAL STUDIO 2010\PROJECTS\SERIALPORTTEST\CODEPACK_DIRECTX\DEBUG\D3D10EFFECTCONSTANTBUFFER.OBJ
C:\USERS\ROOT\DOCUMENTS\VISUAL STUDIO 2010\PROJECTS\SERIALPORTTEST\CODEPACK_DIRECTX\DEBUG\D3D10EFFECTCONSTANTBUFFER.XDC
C:\USERS\ROOT\DOCUMENTS\VISUAL STUDIO 2010\PROJECTS\SERIALPORTTEST\CODEPACK_DIRECTX\DEBUG\D3D10EFFECTDEPTHSTENCILVARIABLE.OBJ
C:\USERS\ROOT\DOCUMENTS\VISUAL STUDIO 2010\PROJECTS\SERIALPORTTEST\CODEPACK_DIRECTX\DEBUG\D3D10EFFECTDEPTHSTENCILVARIABLE.XDC
C:\USERS\ROOT\DOCUMENTS\VISUAL STUDIO 2010\PROJECTS\SERIALPORTTEST\CODEPACK_DIRECTX\DEBUG\D3D10EFFECTDEPTHSTENCILVIEWVARIABLE.OBJ
C:\USERS\ROOT\DOCUMENTS\VISUAL STUDIO 2010\PROJECTS\SERIALPORTTEST\CODEPACK_DIRECTX\DEBUG\D3D10EFFECTDEPTHSTENCILVIEWVARIABLE.XDC
C:\USERS\ROOT\DOCUMENTS\VISUAL STUDIO 2010\PROJECTS\SERIALPORTTEST\CODEPACK_DIRECTX\DEBUG\D3D10EFFECTMATRIXVARIABLE.OBJ
C:\USERS\ROOT\DOCUMENTS\VISUAL STUDIO 2010\PROJECTS\SERIALPORTTEST\CODEPACK_DIRECTX\DEBUG\D3D10EFFECTMATRIXVARIABLE.XDC
C:\USERS\ROOT\DOCUMENTS\VISUAL STUDIO 2010\PROJECTS\SERIALPORTTEST\CODEPACK_DIRECTX\DEBUG\D3D10EFFECTPASS.OBJ
C:\USERS\ROOT\DOCUMENTS\VISUAL STUDIO 2010\PROJECTS\SERIALPORTTEST\CODEPACK_DIRECTX\DEBUG\D3D10EFFECTPASS.XDC
C:\USERS\ROOT\DOCUMENTS\VISUAL STUDIO 2010\PROJECTS\SERIALPORTTEST\CODEPACK_DIRECTX\DEBUG\D3D10EFFECTPOOL.OBJ
C:\USERS\ROOT\DOCUMENTS\VISUAL STUDIO 2010\PROJECTS\SERIALPORTTEST\CODEPACK_DIRECTX\DEBUG\D3D10EFFECTPOOL.XDC
C:\USERS\ROOT\DOCUMENTS\VISUAL STUDIO 2010\PROJECTS\SERIALPORTTEST\CODEPACK_DIRECTX\DEBUG\D3D10EFFECTRASTERIZERVARIABLE.OBJ
C:\USERS\ROOT\DOCUMENTS\VISUAL STUDIO 2010\PROJECTS\SERIALPORTTEST\CODEPACK_DIRECTX\DEBUG\D3D10EFFECTRASTERIZERVARIABLE.XDC
C:\USERS\ROOT\DOCUMENTS\VISUAL STUDIO 2010\PROJECTS\SERIALPORTTEST\CODEPACK_DIRECTX\DEBUG\D3D10EFFECTRENDERTARGETVIEWVARIABLE.OBJ
C:\USERS\ROOT\DOCUMENTS\VISUAL STUDIO 2010\PROJECTS\SERIALPORTTEST\CODEPACK_DIRECTX\DEBUG\D3D10EFFECTRENDERTARGETVIEWVARIABLE.XDC
C:\USERS\ROOT\DOCUMENTS\VISUAL STUDIO 2010\PROJECTS\SERIALPORTTEST\CODEPACK_DIRECTX\DEBUG\D3D10EFFECTSAMPLERVARIABLE.OBJ
C:\USERS\ROOT\DOCUMENTS\VISUAL STUDIO 2010\PROJECTS\SERIALPORTTEST\CODEPACK_DIRECTX\DEBUG\D3D10EFFECTSAMPLERVARIABLE.XDC
C:\USERS\ROOT\DOCUMENTS\VISUAL STUDIO 2010\PROJECTS\SERIALPORTTEST\CODEPACK_DIRECTX\DEBUG\D3D10EFFECTSCALARVARIABLE.OBJ
C:\USERS\ROOT\DOCUMENTS\VISUAL STUDIO 2010\PROJECTS\SERIALPORTTEST\CODEPACK_DIRECTX\DEBUG\D3D10EFFECTSCALARVARIABLE.XDC
C:\USERS\ROOT\DOCUMENTS\VISUAL STUDIO 2010\PROJECTS\SERIALPORTTEST\CODEPACK_DIRECTX\DEBUG\D3D10EFFECTSHADERRESOURCEVARIABLE.OBJ
C:\USERS\ROOT\DOCUMENTS\VISUAL STUDIO 2010\PROJECTS\SERIALPORTTEST\CODEPACK_DIRECTX\DEBUG\D3D10EFFECTSHADERRESOURCEVARIABLE.XDC
C:\USERS\ROOT\DOCUMENTS\VISUAL STUDIO 2010\PROJECTS\SERIALPORTTEST\CODEPACK_DIRECTX\DEBUG\D3D10EFFECTSHADERVARIABLE.OBJ
C:\USERS\ROOT\DOCUMENTS\VISUAL STUDIO 2010\PROJECTS\SERIALPORTTEST\CODEPACK_DIRECTX\DEBUG\D3D10EFFECTSHADERVARIABLE.XDC
C:\USERS\ROOT\DOCUMENTS\VISUAL STUDIO 2010\PROJECTS\SERIALPORTTEST\CODEPACK_DIRECTX\DEBUG\D3D10EFFECTSTRINGVARIABLE.OBJ
C:\USERS\ROOT\DOCUMENTS\VISUAL STUDIO 2010\PROJECTS\SERIALPORTTEST\CODEPACK_DIRECTX\DEBUG\D3D10EFFECTSTRINGVARIABLE.XDC
C:\USERS\ROOT\DOCUMENTS\VISUAL STUDIO 2010\PROJECTS\SERIALPORTTEST\CODEPACK_DIRECTX\DEBUG\D3D10EFFECTTECHNIQUE.OBJ
C:\USERS\ROOT\DOCUMENTS\VISUAL STUDIO 2010\PROJECTS\SERIALPORTTEST\CODEPACK_DIRECTX\DEBUG\D3D10EFFECTTECHNIQUE.XDC
C:\USERS\ROOT\DOCUMENTS\VISUAL STUDIO 2010\PROJECTS\SERIALPORTTEST\CODEPACK_DIRECTX\DEBUG\D3D10EFFECTTYPE.OBJ
C:\USERS\ROOT\DOCUMENTS\VISUAL STUDIO 2010\PROJECTS\SERIALPORTTEST\CODEPACK_DIRECTX\DEBUG\D3D10EFFECTTYPE.XDC
C:\USERS\ROOT\DOCUMENTS\VISUAL STUDIO 2010\PROJECTS\SERIALPORTTEST\CODEPACK_DIRECTX\DEBUG\D3D10EFFECTVARIABLE.OBJ
C:\USERS\ROOT\DOCUMENTS\VISUAL STUDIO 2010\PROJECTS\SERIALPORTTEST\CODEPACK_DIRECTX\DEBUG\D3D10EFFECTVARIABLE.XDC
C:\USERS\ROOT\DOCUMENTS\VISUAL STUDIO 2010\PROJECTS\SERIALPORTTEST\CODEPACK_DIRECTX\DEBUG\D3D10EFFECTVECTORVARIABLE.OBJ
C:\USERS\ROOT\DOCUMENTS\VISUAL STUDIO 2010\PROJECTS\SERIALPORTTEST\CODEPACK_DIRECTX\DEBUG\D3D10EFFECTVECTORVARIABLE.XDC
C:\USERS\ROOT\DOCUMENTS\VISUAL STUDIO 2010\PROJECTS\SERIALPORTTEST\CODEPACK_DIRECTX\DEBUG\D3D10GEOMETRYSHADER.OBJ
C:\USERS\ROOT\DOCUMENTS\VISUAL STUDIO 2010\PROJECTS\SERIALPORTTEST\CODEPACK_DIRECTX\DEBUG\D3D10GEOMETRYSHADER.XDC
C:\USERS\ROOT\DOCUMENTS\VISUAL STUDIO 2010\PROJECTS\SERIALPORTTEST\CODEPACK_DIRECTX\DEBUG\D3D10GEOMETRYSHADERPIPELINESTAGE.OBJ
C:\USERS\ROOT\DOCUMENTS\VISUAL STUDIO 2010\PROJECTS\SERIALPORTTEST\CODEPACK_DIRECTX\DEBUG\D3D10GEOMETRYSHADERPIPELINESTAGE.XDC
C:\USERS\ROOT\DOCUMENTS\VISUAL STUDIO 2010\PROJECTS\SERIALPORTTEST\CODEPACK_DIRECTX\DEBUG\D3D10INCLUDE.OBJ
C:\USERS\ROOT\DOCUMENTS\VISUAL STUDIO 2010\PROJECTS\SERIALPORTTEST\CODEPACK_DIRECTX\DEBUG\D3D10INCLUDE.XDC
C:\USERS\ROOT\DOCUMENTS\VISUAL STUDIO 2010\PROJECTS\SERIALPORTTEST\CODEPACK_DIRECTX\DEBUG\D3D10INFOQUEUE.OBJ
C:\USERS\ROOT\DOCUMENTS\VISUAL STUDIO 2010\PROJECTS\SERIALPORTTEST\CODEPACK_DIRECTX\DEBUG\D3D10INFOQUEUE.XDC
C:\USERS\ROOT\DOCUMENTS\VISUAL STUDIO 2010\PROJECTS\SERIALPORTTEST\CODEPACK_DIRECTX\DEBUG\D3D10INPUTASSEMBLERPIPELINESTAGE.OBJ
C:\USERS\ROOT\DOCUMENTS\VISUAL STUDIO 2010\PROJECTS\SERIALPORTTEST\CODEPACK_DIRECTX\DEBUG\D3D10INPUTASSEMBLERPIPELINESTAGE.XDC
C:\USERS\ROOT\DOCUMENTS\VISUAL STUDIO 2010\PROJECTS\SERIALPORTTEST\CODEPACK_DIRECTX\DEBUG\D3D10INPUTLAYOUT.OBJ
C:\USERS\ROOT\DOCUMENTS\VISUAL STUDIO 2010\PROJECTS\SERIALPORTTEST\CODEPACK_DIRECTX\DEBUG\D3D10INPUTLAYOUT.XDC
C:\USERS\ROOT\DOCUMENTS\VISUAL STUDIO 2010\PROJECTS\SERIALPORTTEST\CODEPACK_DIRECTX\DEBUG\D3D10MULTITHREAD.OBJ
C:\USERS\ROOT\DOCUMENTS\VISUAL STUDIO 2010\PROJECTS\SERIALPORTTEST\CODEPACK_DIRECTX\DEBUG\D3D10MULTITHREAD.XDC
C:\USERS\ROOT\DOCUMENTS\VISUAL STUDIO 2010\PROJECTS\SERIALPORTTEST\CODEPACK_DIRECTX\DEBUG\D3D10OUTPUTMERGERPIPELINESTAGE.OBJ
C:\USERS\ROOT\DOCUMENTS\VISUAL STUDIO 2010\PROJECTS\SERIALPORTTEST\CODEPACK_DIRECTX\DEBUG\D3D10OUTPUTMERGERPIPELINESTAGE.XDC
C:\USERS\ROOT\DOCUMENTS\VISUAL STUDIO 2010\PROJECTS\SERIALPORTTEST\CODEPACK_DIRECTX\DEBUG\D3D10PIPELINESTAGE.OBJ
C:\USERS\ROOT\DOCUMENTS\VISUAL STUDIO 2010\PROJECTS\SERIALPORTTEST\CODEPACK_DIRECTX\DEBUG\D3D10PIPELINESTAGE.XDC
C:\USERS\ROOT\DOCUMENTS\VISUAL STUDIO 2010\PROJECTS\SERIALPORTTEST\CODEPACK_DIRECTX\DEBUG\D3D10PIXELSHADER.OBJ
C:\USERS\ROOT\DOCUMENTS\VISUAL STUDIO 2010\PROJECTS\SERIALPORTTEST\CODEPACK_DIRECTX\DEBUG\D3D10PIXELSHADER.XDC
C:\USERS\ROOT\DOCUMENTS\VISUAL STUDIO 2010\PROJECTS\SERIALPORTTEST\CODEPACK_DIRECTX\DEBUG\D3D10PIXELSHADERPIPELINESTAGE.OBJ
C:\USERS\ROOT\DOCUMENTS\VISUAL STUDIO 2010\PROJECTS\SERIALPORTTEST\CODEPACK_DIRECTX\DEBUG\D3D10PIXELSHADERPIPELINESTAGE.XDC
C:\USERS\ROOT\DOCUMENTS\VISUAL STUDIO 2010\PROJECTS\SERIALPORTTEST\CODEPACK_DIRECTX\DEBUG\D3D10PREDICATE.OBJ
C:\USERS\ROOT\DOCUMENTS\VISUAL STUDIO 2010\PROJECTS\SERIALPORTTEST\CODEPACK_DIRECTX\DEBUG\D3D10PREDICATE.XDC
C:\USERS\ROOT\DOCUMENTS\VISUAL STUDIO 2010\PROJECTS\SERIALPORTTEST\CODEPACK_DIRECTX\DEBUG\D3D10QUERY.OBJ
C:\USERS\ROOT\DOCUMENTS\VISUAL STUDIO 2010\PROJECTS\SERIALPORTTEST\CODEPACK_DIRECTX\DEBUG\D3D10QUERY.XDC
C:\USERS\ROOT\DOCUMENTS\VISUAL STUDIO 2010\PROJECTS\SERIALPORTTEST\CODEPACK_DIRECTX\DEBUG\D3D10RASTERIZERPIPELINESTAGE.OBJ
C:\USERS\ROOT\DOCUMENTS\VISUAL STUDIO 2010\PROJECTS\SERIALPORTTEST\CODEPACK_DIRECTX\DEBUG\D3D10RASTERIZERPIPELINESTAGE.XDC
C:\USERS\ROOT\DOCUMENTS\VISUAL STUDIO 2010\PROJECTS\SERIALPORTTEST\CODEPACK_DIRECTX\DEBUG\D3D10RASTERIZERSTATE.OBJ
C:\USERS\ROOT\DOCUMENTS\VISUAL STUDIO 2010\PROJECTS\SERIALPORTTEST\CODEPACK_DIRECTX\DEBUG\D3D10RASTERIZERSTATE.XDC
C:\USERS\ROOT\DOCUMENTS\VISUAL STUDIO 2010\PROJECTS\SERIALPORTTEST\CODEPACK_DIRECTX\DEBUG\D3D10RENDERTARGETVIEW.OBJ
C:\USERS\ROOT\DOCUMENTS\VISUAL STUDIO 2010\PROJECTS\SERIALPORTTEST\CODEPACK_DIRECTX\DEBUG\D3D10RENDERTARGETVIEW.XDC
C:\USERS\ROOT\DOCUMENTS\VISUAL STUDIO 2010\PROJECTS\SERIALPORTTEST\CODEPACK_DIRECTX\DEBUG\D3D10RESOURCE.OBJ
C:\USERS\ROOT\DOCUMENTS\VISUAL STUDIO 2010\PROJECTS\SERIALPORTTEST\CODEPACK_DIRECTX\DEBUG\D3D10RESOURCE.XDC
C:\USERS\ROOT\DOCUMENTS\VISUAL STUDIO 2010\PROJECTS\SERIALPORTTEST\CODEPACK_DIRECTX\DEBUG\D3D10SAMPLERSTATE.OBJ
C:\USERS\ROOT\DOCUMENTS\VISUAL STUDIO 2010\PROJECTS\SERIALPORTTEST\CODEPACK_DIRECTX\DEBUG\D3D10SAMPLERSTATE.XDC
C:\USERS\ROOT\DOCUMENTS\VISUAL STUDIO 2010\PROJECTS\SERIALPORTTEST\CODEPACK_DIRECTX\DEBUG\D3D10SHADERREFLECTION.OBJ
C:\USERS\ROOT\DOCUMENTS\VISUAL STUDIO 2010\PROJECTS\SERIALPORTTEST\CODEPACK_DIRECTX\DEBUG\D3D10SHADERREFLECTION.XDC
C:\USERS\ROOT\DOCUMENTS\VISUAL STUDIO 2010\PROJECTS\SERIALPORTTEST\CODEPACK_DIRECTX\DEBUG\D3D10SHADERREFLECTION1.OBJ
C:\USERS\ROOT\DOCUMENTS\VISUAL STUDIO 2010\PROJECTS\SERIALPORTTEST\CODEPACK_DIRECTX\DEBUG\D3D10SHADERREFLECTION1.XDC
C:\USERS\ROOT\DOCUMENTS\VISUAL STUDIO 2010\PROJECTS\SERIALPORTTEST\CODEPACK_DIRECTX\DEBUG\D3D10SHADERREFLECTIONCONSTANTBUFFER.OBJ
C:\USERS\ROOT\DOCUMENTS\VISUAL STUDIO 2010\PROJECTS\SERIALPORTTEST\CODEPACK_DIRECTX\DEBUG\D3D10SHADERREFLECTIONCONSTANTBUFFER.XDC
C:\USERS\ROOT\DOCUMENTS\VISUAL STUDIO 2010\PROJECTS\SERIALPORTTEST\CODEPACK_DIRECTX\DEBUG\D3D10SHADERREFLECTIONTYPE.OBJ
C:\USERS\ROOT\DOCUMENTS\VISUAL STUDIO 2010\PROJECTS\SERIALPORTTEST\CODEPACK_DIRECTX\DEBUG\D3D10SHADERREFLECTIONTYPE.XDC
C:\USERS\ROOT\DOCUMENTS\VISUAL STUDIO 2010\PROJECTS\SERIALPORTTEST\CODEPACK_DIRECTX\DEBUG\D3D10SHADERREFLECTIONVARIABLE.OBJ
C:\USERS\ROOT\DOCUMENTS\VISUAL STUDIO 2010\PROJECTS\SERIALPORTTEST\CODEPACK_DIRECTX\DEBUG\D3D10SHADERREFLECTIONVARIABLE.XDC
C:\USERS\ROOT\DOCUMENTS\VISUAL STUDIO 2010\PROJECTS\SERIALPORTTEST\CODEPACK_DIRECTX\DEBUG\D3D10SHADERRESOURCEVIEW.OBJ
C:\USERS\ROOT\DOCUMENTS\VISUAL STUDIO 2010\PROJECTS\SERIALPORTTEST\CODEPACK_DIRECTX\DEBUG\D3D10SHADERRESOURCEVIEW.XDC
C:\USERS\ROOT\DOCUMENTS\VISUAL STUDIO 2010\PROJECTS\SERIALPORTTEST\CODEPACK_DIRECTX\DEBUG\D3D10SHADERRESOURCEVIEW1.OBJ
C:\USERS\ROOT\DOCUMENTS\VISUAL STUDIO 2010\PROJECTS\SERIALPORTTEST\CODEPACK_DIRECTX\DEBUG\D3D10SHADERRESOURCEVIEW1.XDC
C:\USERS\ROOT\DOCUMENTS\VISUAL STUDIO 2010\PROJECTS\SERIALPORTTEST\CODEPACK_DIRECTX\DEBUG\D3D10STATEBLOCK.OBJ
C:\USERS\ROOT\DOCUMENTS\VISUAL STUDIO 2010\PROJECTS\SERIALPORTTEST\CODEPACK_DIRECTX\DEBUG\D3D10STATEBLOCK.XDC
C:\USERS\ROOT\DOCUMENTS\VISUAL STUDIO 2010\PROJECTS\SERIALPORTTEST\CODEPACK_DIRECTX\DEBUG\D3D10STREAMOUTPUTPIPELINESTAGE.OBJ
C:\USERS\ROOT\DOCUMENTS\VISUAL STUDIO 2010\PROJECTS\SERIALPORTTEST\CODEPACK_DIRECTX\DEBUG\D3D10STREAMOUTPUTPIPELINESTAGE.XDC
C:\USERS\ROOT\DOCUMENTS\VISUAL STUDIO 2010\PROJECTS\SERIALPORTTEST\CODEPACK_DIRECTX\DEBUG\D3D10STRUCTS.OBJ
C:\USERS\ROOT\DOCUMENTS\VISUAL STUDIO 2010\PROJECTS\SERIALPORTTEST\CODEPACK_DIRECTX\DEBUG\D3D10STRUCTS.XDC
C:\USERS\ROOT\DOCUMENTS\VISUAL STUDIO 2010\PROJECTS\SERIALPORTTEST\CODEPACK_DIRECTX\DEBUG\D3D10SWITCHTOREF.OBJ
C:\USERS\ROOT\DOCUMENTS\VISUAL STUDIO 2010\PROJECTS\SERIALPORTTEST\CODEPACK_DIRECTX\DEBUG\D3D10SWITCHTOREF.XDC
C:\USERS\ROOT\DOCUMENTS\VISUAL STUDIO 2010\PROJECTS\SERIALPORTTEST\CODEPACK_DIRECTX\DEBUG\D3D10TEXTURE1D.OBJ
C:\USERS\ROOT\DOCUMENTS\VISUAL STUDIO 2010\PROJECTS\SERIALPORTTEST\CODEPACK_DIRECTX\DEBUG\D3D10TEXTURE1D.XDC
C:\USERS\ROOT\DOCUMENTS\VISUAL STUDIO 2010\PROJECTS\SERIALPORTTEST\CODEPACK_DIRECTX\DEBUG\D3D10TEXTURE2D.OBJ
C:\USERS\ROOT\DOCUMENTS\VISUAL STUDIO 2010\PROJECTS\SERIALPORTTEST\CODEPACK_DIRECTX\DEBUG\D3D10TEXTURE2D.XDC
C:\USERS\ROOT\DOCUMENTS\VISUAL STUDIO 2010\PROJECTS\SERIALPORTTEST\CODEPACK_DIRECTX\DEBUG\D3D10TEXTURE3D.OBJ
C:\USERS\ROOT\DOCUMENTS\VISUAL STUDIO 2010\PROJECTS\SERIALPORTTEST\CODEPACK_DIRECTX\DEBUG\D3D10TEXTURE3D.XDC
C:\USERS\ROOT\DOCUMENTS\VISUAL STUDIO 2010\PROJECTS\SERIALPORTTEST\CODEPACK_DIRECTX\DEBUG\D3D10VERTEXSHADER.OBJ
C:\USERS\ROOT\DOCUMENTS\VISUAL STUDIO 2010\PROJECTS\SERIALPORTTEST\CODEPACK_DIRECTX\DEBUG\D3D10VERTEXSHADER.XDC
C:\USERS\ROOT\DOCUMENTS\VISUAL STUDIO 2010\PROJECTS\SERIALPORTTEST\CODEPACK_DIRECTX\DEBUG\D3D10VERTEXSHADERPIPELINESTAGE.OBJ
C:\USERS\ROOT\DOCUMENTS\VISUAL STUDIO 2010\PROJECTS\SERIALPORTTEST\CODEPACK_DIRECTX\DEBUG\D3D10VERTEXSHADERPIPELINESTAGE.XDC
C:\USERS\ROOT\DOCUMENTS\VISUAL STUDIO 2010\PROJECTS\SERIALPORTTEST\CODEPACK_DIRECTX\DEBUG\D3D10VIEW.OBJ
C:\USERS\ROOT\DOCUMENTS\VISUAL STUDIO 2010\PROJECTS\SERIALPORTTEST\CODEPACK_DIRECTX\DEBUG\D3D10VIEW.XDC
C:\USERS\ROOT\DOCUMENTS\VISUAL STUDIO 2010\PROJECTS\SERIALPORTTEST\CODEPACK_DIRECTX\DEBUG\D3D11ASYNCHRONOUS.OBJ
C:\USERS\ROOT\DOCUMENTS\VISUAL STUDIO 2010\PROJECTS\SERIALPORTTEST\CODEPACK_DIRECTX\DEBUG\D3D11ASYNCHRONOUS.XDC
C:\USERS\ROOT\DOCUMENTS\VISUAL STUDIO 2010\PROJECTS\SERIALPORTTEST\CODEPACK_DIRECTX\DEBUG\D3D11BLENDSTATE.OBJ
C:\USERS\ROOT\DOCUMENTS\VISUAL STUDIO 2010\PROJECTS\SERIALPORTTEST\CODEPACK_DIRECTX\DEBUG\D3D11BLENDSTATE.XDC
C:\USERS\ROOT\DOCUMENTS\VISUAL STUDIO 2010\PROJECTS\SERIALPORTTEST\CODEPACK_DIRECTX\DEBUG\D3D11BUFFER.OBJ
C:\USERS\ROOT\DOCUMENTS\VISUAL STUDIO 2010\PROJECTS\SERIALPORTTEST\CODEPACK_DIRECTX\DEBUG\D3D11BUFFER.XDC
C:\USERS\ROOT\DOCUMENTS\VISUAL STUDIO 2010\PROJECTS\SERIALPORTTEST\CODEPACK_DIRECTX\DEBUG\D3D11CLASSINSTANCE.OBJ
C:\USERS\ROOT\DOCUMENTS\VISUAL STUDIO 2010\PROJECTS\SERIALPORTTEST\CODEPACK_DIRECTX\DEBUG\D3D11CLASSINSTANCE.XDC
C:\USERS\ROOT\DOCUMENTS\VISUAL STUDIO 2010\PROJECTS\SERIALPORTTEST\CODEPACK_DIRECTX\DEBUG\D3D11CLASSLINKAGE.OBJ
C:\USERS\ROOT\DOCUMENTS\VISUAL STUDIO 2010\PROJECTS\SERIALPORTTEST\CODEPACK_DIRECTX\DEBUG\D3D11CLASSLINKAGE.XDC
C:\USERS\ROOT\DOCUMENTS\VISUAL STUDIO 2010\PROJECTS\SERIALPORTTEST\CODEPACK_DIRECTX\DEBUG\D3D11COMMANDLIST.OBJ
C:\USERS\ROOT\DOCUMENTS\VISUAL STUDIO 2010\PROJECTS\SERIALPORTTEST\CODEPACK_DIRECTX\DEBUG\D3D11COMMANDLIST.XDC
C:\USERS\ROOT\DOCUMENTS\VISUAL STUDIO 2010\PROJECTS\SERIALPORTTEST\CODEPACK_DIRECTX\DEBUG\D3D11COMPUTESHADER.OBJ
C:\USERS\ROOT\DOCUMENTS\VISUAL STUDIO 2010\PROJECTS\SERIALPORTTEST\CODEPACK_DIRECTX\DEBUG\D3D11COMPUTESHADER.XDC
C:\USERS\ROOT\DOCUMENTS\VISUAL STUDIO 2010\PROJECTS\SERIALPORTTEST\CODEPACK_DIRECTX\DEBUG\D3D11COMPUTESHADERPIPELINESTAGE.OBJ
C:\USERS\ROOT\DOCUMENTS\VISUAL STUDIO 2010\PROJECTS\SERIALPORTTEST\CODEPACK_DIRECTX\DEBUG\D3D11COMPUTESHADERPIPELINESTAGE.XDC
C:\USERS\ROOT\DOCUMENTS\VISUAL STUDIO 2010\PROJECTS\SERIALPORTTEST\CODEPACK_DIRECTX\DEBUG\D3D11COUNTER.OBJ
C:\USERS\ROOT\DOCUMENTS\VISUAL STUDIO 2010\PROJECTS\SERIALPORTTEST\CODEPACK_DIRECTX\DEBUG\D3D11COUNTER.XDC
C:\USERS\ROOT\DOCUMENTS\VISUAL STUDIO 2010\PROJECTS\SERIALPORTTEST\CODEPACK_DIRECTX\DEBUG\D3D11DEBUG.OBJ
C:\USERS\ROOT\DOCUMENTS\VISUAL STUDIO 2010\PROJECTS\SERIALPORTTEST\CODEPACK_DIRECTX\DEBUG\D3D11DEBUG.XDC
C:\USERS\ROOT\DOCUMENTS\VISUAL STUDIO 2010\PROJECTS\SERIALPORTTEST\CODEPACK_DIRECTX\DEBUG\D3D11DEPTHSTENCILSTATE.OBJ
C:\USERS\ROOT\DOCUMENTS\VISUAL STUDIO 2010\PROJECTS\SERIALPORTTEST\CODEPACK_DIRECTX\DEBUG\D3D11DEPTHSTENCILSTATE.XDC
C:\USERS\ROOT\DOCUMENTS\VISUAL STUDIO 2010\PROJECTS\SERIALPORTTEST\CODEPACK_DIRECTX\DEBUG\D3D11DEPTHSTENCILVIEW.OBJ
C:\USERS\ROOT\DOCUMENTS\VISUAL STUDIO 2010\PROJECTS\SERIALPORTTEST\CODEPACK_DIRECTX\DEBUG\D3D11DEPTHSTENCILVIEW.XDC
C:\USERS\ROOT\DOCUMENTS\VISUAL STUDIO 2010\PROJECTS\SERIALPORTTEST\CODEPACK_DIRECTX\DEBUG\D3D11DEVICE.OBJ
C:\USERS\ROOT\DOCUMENTS\VISUAL STUDIO 2010\PROJECTS\SERIALPORTTEST\CODEPACK_DIRECTX\DEBUG\D3D11DEVICE.XDC
C:\USERS\ROOT\DOCUMENTS\VISUAL STUDIO 2010\PROJECTS\SERIALPORTTEST\CODEPACK_DIRECTX\DEBUG\D3D11DEVICECHILD.OBJ
C:\USERS\ROOT\DOCUMENTS\VISUAL STUDIO 2010\PROJECTS\SERIALPORTTEST\CODEPACK_DIRECTX\DEBUG\D3D11DEVICECHILD.XDC
C:\USERS\ROOT\DOCUMENTS\VISUAL STUDIO 2010\PROJECTS\SERIALPORTTEST\CODEPACK_DIRECTX\DEBUG\D3D11DEVICECONTEXT.OBJ
C:\USERS\ROOT\DOCUMENTS\VISUAL STUDIO 2010\PROJECTS\SERIALPORTTEST\CODEPACK_DIRECTX\DEBUG\D3D11DEVICECONTEXT.XDC
C:\USERS\ROOT\DOCUMENTS\VISUAL STUDIO 2010\PROJECTS\SERIALPORTTEST\CODEPACK_DIRECTX\DEBUG\D3D11DOMAINSHADER.OBJ
C:\USERS\ROOT\DOCUMENTS\VISUAL STUDIO 2010\PROJECTS\SERIALPORTTEST\CODEPACK_DIRECTX\DEBUG\D3D11DOMAINSHADER.XDC
C:\USERS\ROOT\DOCUMENTS\VISUAL STUDIO 2010\PROJECTS\SERIALPORTTEST\CODEPACK_DIRECTX\DEBUG\D3D11DOMAINSHADERPIPELINESTAGE.OBJ
C:\USERS\ROOT\DOCUMENTS\VISUAL STUDIO 2010\PROJECTS\SERIALPORTTEST\CODEPACK_DIRECTX\DEBUG\D3D11DOMAINSHADERPIPELINESTAGE.XDC
C:\USERS\ROOT\DOCUMENTS\VISUAL STUDIO 2010\PROJECTS\SERIALPORTTEST\CODEPACK_DIRECTX\DEBUG\D3D11GEOMETRYSHADER.OBJ
C:\USERS\ROOT\DOCUMENTS\VISUAL STUDIO 2010\PROJECTS\SERIALPORTTEST\CODEPACK_DIRECTX\DEBUG\D3D11GEOMETRYSHADER.XDC
C:\USERS\ROOT\DOCUMENTS\VISUAL STUDIO 2010\PROJECTS\SERIALPORTTEST\CODEPACK_DIRECTX\DEBUG\D3D11GEOMETRYSHADERPIPELINESTAGE.OBJ
C:\USERS\ROOT\DOCUMENTS\VISUAL STUDIO 2010\PROJECTS\SERIALPORTTEST\CODEPACK_DIRECTX\DEBUG\D3D11GEOMETRYSHADERPIPELINESTAGE.XDC
C:\USERS\ROOT\DOCUMENTS\VISUAL STUDIO 2010\PROJECTS\SERIALPORTTEST\CODEPACK_DIRECTX\DEBUG\D3D11HULLSHADER.OBJ
C:\USERS\ROOT\DOCUMENTS\VISUAL STUDIO 2010\PROJECTS\SERIALPORTTEST\CODEPACK_DIRECTX\DEBUG\D3D11HULLSHADER.XDC
C:\USERS\ROOT\DOCUMENTS\VISUAL STUDIO 2010\PROJECTS\SERIALPORTTEST\CODEPACK_DIRECTX\DEBUG\D3D11HULLSHADERPIPELINESTAGE.OBJ
C:\USERS\ROOT\DOCUMENTS\VISUAL STUDIO 2010\PROJECTS\SERIALPORTTEST\CODEPACK_DIRECTX\DEBUG\D3D11HULLSHADERPIPELINESTAGE.XDC
C:\USERS\ROOT\DOCUMENTS\VISUAL STUDIO 2010\PROJECTS\SERIALPORTTEST\CODEPACK_DIRECTX\DEBUG\D3D11INFOQUEUE.OBJ
C:\USERS\ROOT\DOCUMENTS\VISUAL STUDIO 2010\PROJECTS\SERIALPORTTEST\CODEPACK_DIRECTX\DEBUG\D3D11INFOQUEUE.XDC
C:\USERS\ROOT\DOCUMENTS\VISUAL STUDIO 2010\PROJECTS\SERIALPORTTEST\CODEPACK_DIRECTX\DEBUG\D3D11INPUTASSEMBLERPIPELINESTAGE.OBJ
C:\USERS\ROOT\DOCUMENTS\VISUAL STUDIO 2010\PROJECTS\SERIALPORTTEST\CODEPACK_DIRECTX\DEBUG\D3D11INPUTASSEMBLERPIPELINESTAGE.XDC
C:\USERS\ROOT\DOCUMENTS\VISUAL STUDIO 2010\PROJECTS\SERIALPORTTEST\CODEPACK_DIRECTX\DEBUG\D3D11INPUTLAYOUT.OBJ
C:\USERS\ROOT\DOCUMENTS\VISUAL STUDIO 2010\PROJECTS\SERIALPORTTEST\CODEPACK_DIRECTX\DEBUG\D3D11INPUTLAYOUT.XDC
C:\USERS\ROOT\DOCUMENTS\VISUAL STUDIO 2010\PROJECTS\SERIALPORTTEST\CODEPACK_DIRECTX\DEBUG\D3D11OUTPUTMERGERPIPELINESTAGE.OBJ
C:\USERS\ROOT\DOCUMENTS\VISUAL STUDIO 2010\PROJECTS\SERIALPORTTEST\CODEPACK_DIRECTX\DEBUG\D3D11OUTPUTMERGERPIPELINESTAGE.XDC
C:\USERS\ROOT\DOCUMENTS\VISUAL STUDIO 2010\PROJECTS\SERIALPORTTEST\CODEPACK_DIRECTX\DEBUG\D3D11PIPELINESTAGE.OBJ
C:\USERS\ROOT\DOCUMENTS\VISUAL STUDIO 2010\PROJECTS\SERIALPORTTEST\CODEPACK_DIRECTX\DEBUG\D3D11PIPELINESTAGE.XDC
C:\USERS\ROOT\DOCUMENTS\VISUAL STUDIO 2010\PROJECTS\SERIALPORTTEST\CODEPACK_DIRECTX\DEBUG\D3D11PIXELSHADER.OBJ
C:\USERS\ROOT\DOCUMENTS\VISUAL STUDIO 2010\PROJECTS\SERIALPORTTEST\CODEPACK_DIRECTX\DEBUG\D3D11PIXELSHADER.XDC
C:\USERS\ROOT\DOCUMENTS\VISUAL STUDIO 2010\PROJECTS\SERIALPORTTEST\CODEPACK_DIRECTX\DEBUG\D3D11PIXELSHADERPIPELINESTAGE.OBJ
C:\USERS\ROOT\DOCUMENTS\VISUAL STUDIO 2010\PROJECTS\SERIALPORTTEST\CODEPACK_DIRECTX\DEBUG\D3D11PIXELSHADERPIPELINESTAGE.XDC
C:\USERS\ROOT\DOCUMENTS\VISUAL STUDIO 2010\PROJECTS\SERIALPORTTEST\CODEPACK_DIRECTX\DEBUG\D3D11PREDICATE.OBJ
C:\USERS\ROOT\DOCUMENTS\VISUAL STUDIO 2010\PROJECTS\SERIALPORTTEST\CODEPACK_DIRECTX\DEBUG\D3D11PREDICATE.XDC
C:\USERS\ROOT\DOCUMENTS\VISUAL STUDIO 2010\PROJECTS\SERIALPORTTEST\CODEPACK_DIRECTX\DEBUG\D3D11QUERY.OBJ
C:\USERS\ROOT\DOCUMENTS\VISUAL STUDIO 2010\PROJECTS\SERIALPORTTEST\CODEPACK_DIRECTX\DEBUG\D3D11QUERY.XDC
C:\USERS\ROOT\DOCUMENTS\VISUAL STUDIO 2010\PROJECTS\SERIALPORTTEST\CODEPACK_DIRECTX\DEBUG\D3D11RASTERIZERPIPELINESTAGE.OBJ
C:\USERS\ROOT\DOCUMENTS\VISUAL STUDIO 2010\PROJECTS\SERIALPORTTEST\CODEPACK_DIRECTX\DEBUG\D3D11RASTERIZERPIPELINESTAGE.XDC
C:\USERS\ROOT\DOCUMENTS\VISUAL STUDIO 2010\PROJECTS\SERIALPORTTEST\CODEPACK_DIRECTX\DEBUG\D3D11RASTERIZERSTATE.OBJ
C:\USERS\ROOT\DOCUMENTS\VISUAL STUDIO 2010\PROJECTS\SERIALPORTTEST\CODEPACK_DIRECTX\DEBUG\D3D11RASTERIZERSTATE.XDC
C:\USERS\ROOT\DOCUMENTS\VISUAL STUDIO 2010\PROJECTS\SERIALPORTTEST\CODEPACK_DIRECTX\DEBUG\D3D11RENDERTARGETVIEW.OBJ
C:\USERS\ROOT\DOCUMENTS\VISUAL STUDIO 2010\PROJECTS\SERIALPORTTEST\CODEPACK_DIRECTX\DEBUG\D3D11RENDERTARGETVIEW.XDC
C:\USERS\ROOT\DOCUMENTS\VISUAL STUDIO 2010\PROJECTS\SERIALPORTTEST\CODEPACK_DIRECTX\DEBUG\D3D11RESOURCE.OBJ
C:\USERS\ROOT\DOCUMENTS\VISUAL STUDIO 2010\PROJECTS\SERIALPORTTEST\CODEPACK_DIRECTX\DEBUG\D3D11RESOURCE.XDC
C:\USERS\ROOT\DOCUMENTS\VISUAL STUDIO 2010\PROJECTS\SERIALPORTTEST\CODEPACK_DIRECTX\DEBUG\D3D11SAMPLERSTATE.OBJ
C:\USERS\ROOT\DOCUMENTS\VISUAL STUDIO 2010\PROJECTS\SERIALPORTTEST\CODEPACK_DIRECTX\DEBUG\D3D11SAMPLERSTATE.XDC
C:\USERS\ROOT\DOCUMENTS\VISUAL STUDIO 2010\PROJECTS\SERIALPORTTEST\CODEPACK_DIRECTX\DEBUG\D3D11SHADERRESOURCEVIEW.OBJ
C:\USERS\ROOT\DOCUMENTS\VISUAL STUDIO 2010\PROJECTS\SERIALPORTTEST\CODEPACK_DIRECTX\DEBUG\D3D11SHADERRESOURCEVIEW.XDC
C:\USERS\ROOT\DOCUMENTS\VISUAL STUDIO 2010\PROJECTS\SERIALPORTTEST\CODEPACK_DIRECTX\DEBUG\D3D11STREAMOUTPUTPIPELINESTAGE.OBJ
C:\USERS\ROOT\DOCUMENTS\VISUAL STUDIO 2010\PROJECTS\SERIALPORTTEST\CODEPACK_DIRECTX\DEBUG\D3D11STREAMOUTPUTPIPELINESTAGE.XDC
C:\USERS\ROOT\DOCUMENTS\VISUAL STUDIO 2010\PROJECTS\SERIALPORTTEST\CODEPACK_DIRECTX\DEBUG\D3D11SWITCHTOREF.OBJ
C:\USERS\ROOT\DOCUMENTS\VISUAL STUDIO 2010\PROJECTS\SERIALPORTTEST\CODEPACK_DIRECTX\DEBUG\D3D11SWITCHTOREF.XDC
C:\USERS\ROOT\DOCUMENTS\VISUAL STUDIO 2010\PROJECTS\SERIALPORTTEST\CODEPACK_DIRECTX\DEBUG\D3D11TEXTURE1D.OBJ
C:\USERS\ROOT\DOCUMENTS\VISUAL STUDIO 2010\PROJECTS\SERIALPORTTEST\CODEPACK_DIRECTX\DEBUG\D3D11TEXTURE1D.XDC
C:\USERS\ROOT\DOCUMENTS\VISUAL STUDIO 2010\PROJECTS\SERIALPORTTEST\CODEPACK_DIRECTX\DEBUG\D3D11TEXTURE2D.OBJ
C:\USERS\ROOT\DOCUMENTS\VISUAL STUDIO 2010\PROJECTS\SERIALPORTTEST\CODEPACK_DIRECTX\DEBUG\D3D11TEXTURE2D.XDC
C:\USERS\ROOT\DOCUMENTS\VISUAL STUDIO 2010\PROJECTS\SERIALPORTTEST\CODEPACK_DIRECTX\DEBUG\D3D11TEXTURE3D.OBJ
C:\USERS\ROOT\DOCUMENTS\VISUAL STUDIO 2010\PROJECTS\SERIALPORTTEST\CODEPACK_DIRECTX\DEBUG\D3D11TEXTURE3D.XDC
C:\USERS\ROOT\DOCUMENTS\VISUAL STUDIO 2010\PROJECTS\SERIALPORTTEST\CODEPACK_DIRECTX\DEBUG\D3D11UNORDEREDACCESSVIEW.OBJ
C:\USERS\ROOT\DOCUMENTS\VISUAL STUDIO 2010\PROJECTS\SERIALPORTTEST\CODEPACK_DIRECTX\DEBUG\D3D11UNORDEREDACCESSVIEW.XDC
C:\USERS\ROOT\DOCUMENTS\VISUAL STUDIO 2010\PROJECTS\SERIALPORTTEST\CODEPACK_DIRECTX\DEBUG\D3D11VERTEXSHADER.OBJ
C:\USERS\ROOT\DOCUMENTS\VISUAL STUDIO 2010\PROJECTS\SERIALPORTTEST\CODEPACK_DIRECTX\DEBUG\D3D11VERTEXSHADER.XDC
C:\USERS\ROOT\DOCUMENTS\VISUAL STUDIO 2010\PROJECTS\SERIALPORTTEST\CODEPACK_DIRECTX\DEBUG\D3D11VERTEXSHADERPIPELINESTAGE.OBJ
C:\USERS\ROOT\DOCUMENTS\VISUAL STUDIO 2010\PROJECTS\SERIALPORTTEST\CODEPACK_DIRECTX\DEBUG\D3D11VERTEXSHADERPIPELINESTAGE.XDC
C:\USERS\ROOT\DOCUMENTS\VISUAL STUDIO 2010\PROJECTS\SERIALPORTTEST\CODEPACK_DIRECTX\DEBUG\D3D11VIEW.OBJ
C:\USERS\ROOT\DOCUMENTS\VISUAL STUDIO 2010\PROJECTS\SERIALPORTTEST\CODEPACK_DIRECTX\DEBUG\D3D11VIEW.XDC
C:\USERS\ROOT\DOCUMENTS\VISUAL STUDIO 2010\PROJECTS\SERIALPORTTEST\CODEPACK_DIRECTX\DEBUG\DIRECT3DEXCEPTION.OBJ
C:\USERS\ROOT\DOCUMENTS\VISUAL STUDIO 2010\PROJECTS\SERIALPORTTEST\CODEPACK_DIRECTX\DEBUG\DIRECT3DEXCEPTION.XDC
C:\USERS\ROOT\DOCUMENTS\VISUAL STUDIO 2010\PROJECTS\SERIALPORTTEST\CODEPACK_DIRECTX\DEBUG\DIRECTHELPERS.OBJ
C:\USERS\ROOT\DOCUMENTS\VISUAL STUDIO 2010\PROJECTS\SERIALPORTTEST\CODEPACK_DIRECTX\DEBUG\DIRECTHELPERS.XDC
C:\USERS\ROOT\DOCUMENTS\VISUAL STUDIO 2010\PROJECTS\SERIALPORTTEST\CODEPACK_DIRECTX\DEBUG\DIRECTOBJECT.OBJ
C:\USERS\ROOT\DOCUMENTS\VISUAL STUDIO 2010\PROJECTS\SERIALPORTTEST\CODEPACK_DIRECTX\DEBUG\DIRECTOBJECT.XDC
C:\USERS\ROOT\DOCUMENTS\VISUAL STUDIO 2010\PROJECTS\SERIALPORTTEST\CODEPACK_DIRECTX\DEBUG\DIRECTUNKNOWN.OBJ
C:\USERS\ROOT\DOCUMENTS\VISUAL STUDIO 2010\PROJECTS\SERIALPORTTEST\CODEPACK_DIRECTX\DEBUG\DIRECTUNKNOWN.XDC
C:\Users\root\Documents\Visual Studio 2010\Projects\SerialPortTest\CodePack_DirectX\Debug\DirectX.write.1.tlog
C:\USERS\ROOT\DOCUMENTS\VISUAL STUDIO 2010\PROJECTS\SERIALPORTTEST\CODEPACK_DIRECTX\DEBUG\DWRITEFACTORY.OBJ
C:\USERS\ROOT\DOCUMENTS\VISUAL STUDIO 2010\PROJECTS\SERIALPORTTEST\CODEPACK_DIRECTX\DEBUG\DWRITEFACTORY.XDC
C:\USERS\ROOT\DOCUMENTS\VISUAL STUDIO 2010\PROJECTS\SERIALPORTTEST\CODEPACK_DIRECTX\DEBUG\DWRITEFONT.OBJ
C:\USERS\ROOT\DOCUMENTS\VISUAL STUDIO 2010\PROJECTS\SERIALPORTTEST\CODEPACK_DIRECTX\DEBUG\DWRITEFONT.XDC
C:\USERS\ROOT\DOCUMENTS\VISUAL STUDIO 2010\PROJECTS\SERIALPORTTEST\CODEPACK_DIRECTX\DEBUG\DWRITEFONTFACE.OBJ
C:\USERS\ROOT\DOCUMENTS\VISUAL STUDIO 2010\PROJECTS\SERIALPORTTEST\CODEPACK_DIRECTX\DEBUG\DWRITEFONTFACE.XDC
C:\USERS\ROOT\DOCUMENTS\VISUAL STUDIO 2010\PROJECTS\SERIALPORTTEST\CODEPACK_DIRECTX\DEBUG\DWRITEFONTFAMILY.OBJ
C:\USERS\ROOT\DOCUMENTS\VISUAL STUDIO 2010\PROJECTS\SERIALPORTTEST\CODEPACK_DIRECTX\DEBUG\DWRITEFONTFAMILY.XDC
C:\USERS\ROOT\DOCUMENTS\VISUAL STUDIO 2010\PROJECTS\SERIALPORTTEST\CODEPACK_DIRECTX\DEBUG\DWRITEFONTFAMILYCOLLECTION.OBJ
C:\USERS\ROOT\DOCUMENTS\VISUAL STUDIO 2010\PROJECTS\SERIALPORTTEST\CODEPACK_DIRECTX\DEBUG\DWRITEFONTFAMILYCOLLECTION.XDC
C:\USERS\ROOT\DOCUMENTS\VISUAL STUDIO 2010\PROJECTS\SERIALPORTTEST\CODEPACK_DIRECTX\DEBUG\DWRITEINLINEOBJECT.OBJ
C:\USERS\ROOT\DOCUMENTS\VISUAL STUDIO 2010\PROJECTS\SERIALPORTTEST\CODEPACK_DIRECTX\DEBUG\DWRITEINLINEOBJECT.XDC
C:\USERS\ROOT\DOCUMENTS\VISUAL STUDIO 2010\PROJECTS\SERIALPORTTEST\CODEPACK_DIRECTX\DEBUG\DWRITERENDERINGPARAMS.OBJ
C:\USERS\ROOT\DOCUMENTS\VISUAL STUDIO 2010\PROJECTS\SERIALPORTTEST\CODEPACK_DIRECTX\DEBUG\DWRITERENDERINGPARAMS.XDC
C:\USERS\ROOT\DOCUMENTS\VISUAL STUDIO 2010\PROJECTS\SERIALPORTTEST\CODEPACK_DIRECTX\DEBUG\DWRITESTRUCTS.OBJ
C:\USERS\ROOT\DOCUMENTS\VISUAL STUDIO 2010\PROJECTS\SERIALPORTTEST\CODEPACK_DIRECTX\DEBUG\DWRITESTRUCTS.XDC
C:\USERS\ROOT\DOCUMENTS\VISUAL STUDIO 2010\PROJECTS\SERIALPORTTEST\CODEPACK_DIRECTX\DEBUG\DWRITETEXTFORMAT.OBJ
C:\USERS\ROOT\DOCUMENTS\VISUAL STUDIO 2010\PROJECTS\SERIALPORTTEST\CODEPACK_DIRECTX\DEBUG\DWRITETEXTFORMAT.XDC
C:\USERS\ROOT\DOCUMENTS\VISUAL STUDIO 2010\PROJECTS\SERIALPORTTEST\CODEPACK_DIRECTX\DEBUG\DWRITETEXTLAYOUT.OBJ
C:\USERS\ROOT\DOCUMENTS\VISUAL STUDIO 2010\PROJECTS\SERIALPORTTEST\CODEPACK_DIRECTX\DEBUG\DWRITETEXTLAYOUT.XDC
C:\USERS\ROOT\DOCUMENTS\VISUAL STUDIO 2010\PROJECTS\SERIALPORTTEST\CODEPACK_DIRECTX\DEBUG\DWRITETYPOGRAPHY.OBJ
C:\USERS\ROOT\DOCUMENTS\VISUAL STUDIO 2010\PROJECTS\SERIALPORTTEST\CODEPACK_DIRECTX\DEBUG\DWRITETYPOGRAPHY.XDC
C:\USERS\ROOT\DOCUMENTS\VISUAL STUDIO 2010\PROJECTS\SERIALPORTTEST\CODEPACK_DIRECTX\DEBUG\DXGIADAPTER.OBJ
C:\USERS\ROOT\DOCUMENTS\VISUAL STUDIO 2010\PROJECTS\SERIALPORTTEST\CODEPACK_DIRECTX\DEBUG\DXGIADAPTER.XDC
C:\USERS\ROOT\DOCUMENTS\VISUAL STUDIO 2010\PROJECTS\SERIALPORTTEST\CODEPACK_DIRECTX\DEBUG\DXGIADAPTER1.OBJ
C:\USERS\ROOT\DOCUMENTS\VISUAL STUDIO 2010\PROJECTS\SERIALPORTTEST\CODEPACK_DIRECTX\DEBUG\DXGIADAPTER1.XDC
C:\USERS\ROOT\DOCUMENTS\VISUAL STUDIO 2010\PROJECTS\SERIALPORTTEST\CODEPACK_DIRECTX\DEBUG\DXGIDEVICE.OBJ
C:\USERS\ROOT\DOCUMENTS\VISUAL STUDIO 2010\PROJECTS\SERIALPORTTEST\CODEPACK_DIRECTX\DEBUG\DXGIDEVICE.XDC
C:\USERS\ROOT\DOCUMENTS\VISUAL STUDIO 2010\PROJECTS\SERIALPORTTEST\CODEPACK_DIRECTX\DEBUG\DXGIDEVICE1.OBJ
C:\USERS\ROOT\DOCUMENTS\VISUAL STUDIO 2010\PROJECTS\SERIALPORTTEST\CODEPACK_DIRECTX\DEBUG\DXGIDEVICE1.XDC
C:\USERS\ROOT\DOCUMENTS\VISUAL STUDIO 2010\PROJECTS\SERIALPORTTEST\CODEPACK_DIRECTX\DEBUG\DXGIDEVICESUBOBJECT.OBJ
C:\USERS\ROOT\DOCUMENTS\VISUAL STUDIO 2010\PROJECTS\SERIALPORTTEST\CODEPACK_DIRECTX\DEBUG\DXGIDEVICESUBOBJECT.XDC
C:\USERS\ROOT\DOCUMENTS\VISUAL STUDIO 2010\PROJECTS\SERIALPORTTEST\CODEPACK_DIRECTX\DEBUG\DXGIEXCEPTION.OBJ
C:\USERS\ROOT\DOCUMENTS\VISUAL STUDIO 2010\PROJECTS\SERIALPORTTEST\CODEPACK_DIRECTX\DEBUG\DXGIEXCEPTION.XDC
C:\USERS\ROOT\DOCUMENTS\VISUAL STUDIO 2010\PROJECTS\SERIALPORTTEST\CODEPACK_DIRECTX\DEBUG\DXGIFACTORY.OBJ
C:\USERS\ROOT\DOCUMENTS\VISUAL STUDIO 2010\PROJECTS\SERIALPORTTEST\CODEPACK_DIRECTX\DEBUG\DXGIFACTORY.XDC
C:\USERS\ROOT\DOCUMENTS\VISUAL STUDIO 2010\PROJECTS\SERIALPORTTEST\CODEPACK_DIRECTX\DEBUG\DXGIFACTORY1.OBJ
C:\USERS\ROOT\DOCUMENTS\VISUAL STUDIO 2010\PROJECTS\SERIALPORTTEST\CODEPACK_DIRECTX\DEBUG\DXGIFACTORY1.XDC
C:\USERS\ROOT\DOCUMENTS\VISUAL STUDIO 2010\PROJECTS\SERIALPORTTEST\CODEPACK_DIRECTX\DEBUG\DXGIKEYEDMUTEX.OBJ
C:\USERS\ROOT\DOCUMENTS\VISUAL STUDIO 2010\PROJECTS\SERIALPORTTEST\CODEPACK_DIRECTX\DEBUG\DXGIKEYEDMUTEX.XDC
C:\USERS\ROOT\DOCUMENTS\VISUAL STUDIO 2010\PROJECTS\SERIALPORTTEST\CODEPACK_DIRECTX\DEBUG\DXGIOBJECT.OBJ
C:\USERS\ROOT\DOCUMENTS\VISUAL STUDIO 2010\PROJECTS\SERIALPORTTEST\CODEPACK_DIRECTX\DEBUG\DXGIOBJECT.XDC
C:\USERS\ROOT\DOCUMENTS\VISUAL STUDIO 2010\PROJECTS\SERIALPORTTEST\CODEPACK_DIRECTX\DEBUG\DXGIOUTPUT.OBJ
C:\USERS\ROOT\DOCUMENTS\VISUAL STUDIO 2010\PROJECTS\SERIALPORTTEST\CODEPACK_DIRECTX\DEBUG\DXGIOUTPUT.XDC
C:\USERS\ROOT\DOCUMENTS\VISUAL STUDIO 2010\PROJECTS\SERIALPORTTEST\CODEPACK_DIRECTX\DEBUG\DXGIRESOURCE.OBJ
C:\USERS\ROOT\DOCUMENTS\VISUAL STUDIO 2010\PROJECTS\SERIALPORTTEST\CODEPACK_DIRECTX\DEBUG\DXGIRESOURCE.XDC
C:\USERS\ROOT\DOCUMENTS\VISUAL STUDIO 2010\PROJECTS\SERIALPORTTEST\CODEPACK_DIRECTX\DEBUG\DXGISURFACE.OBJ
C:\USERS\ROOT\DOCUMENTS\VISUAL STUDIO 2010\PROJECTS\SERIALPORTTEST\CODEPACK_DIRECTX\DEBUG\DXGISURFACE.XDC
C:\USERS\ROOT\DOCUMENTS\VISUAL STUDIO 2010\PROJECTS\SERIALPORTTEST\CODEPACK_DIRECTX\DEBUG\DXGISURFACE1.OBJ
C:\USERS\ROOT\DOCUMENTS\VISUAL STUDIO 2010\PROJECTS\SERIALPORTTEST\CODEPACK_DIRECTX\DEBUG\DXGISURFACE1.XDC
C:\USERS\ROOT\DOCUMENTS\VISUAL STUDIO 2010\PROJECTS\SERIALPORTTEST\CODEPACK_DIRECTX\DEBUG\DXGISWAPCHAIN.OBJ
C:\USERS\ROOT\DOCUMENTS\VISUAL STUDIO 2010\PROJECTS\SERIALPORTTEST\CODEPACK_DIRECTX\DEBUG\DXGISWAPCHAIN.XDC
C:\USERS\ROOT\DOCUMENTS\VISUAL STUDIO 2010\PROJECTS\SERIALPORTTEST\CODEPACK_DIRECTX\DEBUG\ICUSTOMINLINEOBJECT.OBJ
C:\USERS\ROOT\DOCUMENTS\VISUAL STUDIO 2010\PROJECTS\SERIALPORTTEST\CODEPACK_DIRECTX\DEBUG\ICUSTOMINLINEOBJECT.XDC
C:\USERS\ROOT\DOCUMENTS\VISUAL STUDIO 2010\PROJECTS\SERIALPORTTEST\CODEPACK_DIRECTX\DEBUG\LIBRARYLOADER.OBJ
C:\USERS\ROOT\DOCUMENTS\VISUAL STUDIO 2010\PROJECTS\SERIALPORTTEST\CODEPACK_DIRECTX\DEBUG\LIBRARYLOADER.XDC
C:\Users\root\Documents\Visual Studio 2010\Projects\SerialPortTest\CodePack_DirectX\Debug\link.3004.read.1.tlog
C:\Users\root\Documents\Visual Studio 2010\Projects\SerialPortTest\CodePack_DirectX\Debug\link.3004.write.1.tlog
C:\Users\root\Documents\Visual Studio 2010\Projects\SerialPortTest\CodePack_DirectX\Debug\link.command.1.tlog
C:\Users\root\Documents\Visual Studio 2010\Projects\SerialPortTest\CodePack_DirectX\Debug\link.read.1.tlog
C:\Users\root\Documents\Visual Studio 2010\Projects\SerialPortTest\CodePack_DirectX\Debug\link.write.1.tlog
C:\Users\root\Documents\Visual Studio 2010\Projects\SerialPortTest\CodePack_DirectX\Debug\metagen.read.1.tlog
C:\Users\root\Documents\Visual Studio 2010\Projects\SerialPortTest\CodePack_DirectX\Debug\metagen.write.1.tlog
C:\USERS\ROOT\DOCUMENTS\VISUAL STUDIO 2010\PROJECTS\SERIALPORTTEST\CODEPACK_DIRECTX\DEBUG\MICROSOFT.WINDOWSAPICODEPACK.DIRECTX.DLL.INTERMEDIATE.MANIFEST
C:\USERS\ROOT\DOCUMENTS\VISUAL STUDIO 2010\PROJECTS\SERIALPORTTEST\CODEPACK_DIRECTX\DEBUG\MICROSOFT.WINDOWSAPICODEPACK.DIRECTX.PCH
C:\Users\root\Documents\Visual Studio 2010\Projects\SerialPortTest\CodePack_DirectX\Debug\MSXML6R.DLL.bi
C:\Users\root\Documents\Visual Studio 2010\Projects\SerialPortTest\CodePack_DirectX\Debug\mt.command.1.tlog
C:\Users\root\Documents\Visual Studio 2010\Projects\SerialPortTest\CodePack_DirectX\Debug\mt.read.1.tlog
C:\Users\root\Documents\Visual Studio 2010\Projects\SerialPortTest\CodePack_DirectX\Debug\mt.write.1.tlog
C:\Users\root\Documents\Visual Studio 2010\Projects\SerialPortTest\CodePack_DirectX\Debug\RSAENH.DLL.bi
C:\USERS\ROOT\DOCUMENTS\VISUAL STUDIO 2010\PROJECTS\SERIALPORTTEST\CODEPACK_DIRECTX\DEBUG\STDAFX.OBJ
C:\USERS\ROOT\DOCUMENTS\VISUAL STUDIO 2010\PROJECTS\SERIALPORTTEST\CODEPACK_DIRECTX\DEBUG\STDAFX.XDC
C:\Users\root\Documents\Visual Studio 2010\Projects\SerialPortTest\CodePack_DirectX\Debug\TZRES.DLL.bi
C:\USERS\ROOT\DOCUMENTS\VISUAL STUDIO 2010\PROJECTS\SERIALPORTTEST\CODEPACK_DIRECTX\DEBUG\VC100.PDB
C:\USERS\ROOT\DOCUMENTS\VISUAL STUDIO 2010\PROJECTS\SERIALPORTTEST\CODEPACK_DIRECTX\DEBUG\WICBITMAP.OBJ
C:\USERS\ROOT\DOCUMENTS\VISUAL STUDIO 2010\PROJECTS\SERIALPORTTEST\CODEPACK_DIRECTX\DEBUG\WICBITMAP.XDC
C:\USERS\ROOT\DOCUMENTS\VISUAL STUDIO 2010\PROJECTS\SERIALPORTTEST\CODEPACK_DIRECTX\DEBUG\WICBITMAPDECODER.OBJ
C:\USERS\ROOT\DOCUMENTS\VISUAL STUDIO 2010\PROJECTS\SERIALPORTTEST\CODEPACK_DIRECTX\DEBUG\WICBITMAPDECODER.XDC
C:\USERS\ROOT\DOCUMENTS\VISUAL STUDIO 2010\PROJECTS\SERIALPORTTEST\CODEPACK_DIRECTX\DEBUG\WICBITMAPFRAMEDECODE.OBJ
C:\USERS\ROOT\DOCUMENTS\VISUAL STUDIO 2010\PROJECTS\SERIALPORTTEST\CODEPACK_DIRECTX\DEBUG\WICBITMAPFRAMEDECODE.XDC
C:\USERS\ROOT\DOCUMENTS\VISUAL STUDIO 2010\PROJECTS\SERIALPORTTEST\CODEPACK_DIRECTX\DEBUG\WICBITMAPLOCK.OBJ
C:\USERS\ROOT\DOCUMENTS\VISUAL STUDIO 2010\PROJECTS\SERIALPORTTEST\CODEPACK_DIRECTX\DEBUG\WICBITMAPLOCK.XDC
C:\USERS\ROOT\DOCUMENTS\VISUAL STUDIO 2010\PROJECTS\SERIALPORTTEST\CODEPACK_DIRECTX\DEBUG\WICBITMAPSOURCE.OBJ
C:\USERS\ROOT\DOCUMENTS\VISUAL STUDIO 2010\PROJECTS\SERIALPORTTEST\CODEPACK_DIRECTX\DEBUG\WICBITMAPSOURCE.XDC
C:\USERS\ROOT\DOCUMENTS\VISUAL STUDIO 2010\PROJECTS\SERIALPORTTEST\CODEPACK_DIRECTX\DEBUG\WICFORMATCONVERTER.OBJ
C:\USERS\ROOT\DOCUMENTS\VISUAL STUDIO 2010\PROJECTS\SERIALPORTTEST\CODEPACK_DIRECTX\DEBUG\WICFORMATCONVERTER.XDC
C:\USERS\ROOT\DOCUMENTS\VISUAL STUDIO 2010\PROJECTS\SERIALPORTTEST\CODEPACK_DIRECTX\DEBUG\WICIMAGINGFACTORY.OBJ
C:\USERS\ROOT\DOCUMENTS\VISUAL STUDIO 2010\PROJECTS\SERIALPORTTEST\CODEPACK_DIRECTX\DEBUG\WICIMAGINGFACTORY.XDC
C:\USERS\ROOT\DOCUMENTS\VISUAL STUDIO 2010\PROJECTS\SERIALPORTTEST\CODEPACK_DIRECTX\DEBUG\WICSTREAMWRAPPER.OBJ
C:\USERS\ROOT\DOCUMENTS\VISUAL STUDIO 2010\PROJECTS\SERIALPORTTEST\CODEPACK_DIRECTX\DEBUG\WICSTREAMWRAPPER.XDC
C:\Users\root\Documents\Visual Studio 2010\Projects\SerialPortTest\CodePack_DirectX\Debug\XDCMake.command.1.tlog
C:\Users\root\Documents\Visual Studio 2010\Projects\SerialPortTest\CodePack_DirectX\Debug\xdcmake.read.1.tlog
C:\Users\root\Documents\Visual Studio 2010\Projects\SerialPortTest\CodePack_DirectX\Debug\xdcmake.write.1.tlog
C:\USERS\ROOT\DOCUMENTS\VISUAL STUDIO 2010\PROJECTS\SERIALPORTTEST\DEBUG\MICROSOFT.WINDOWSAPICODEPACK.DIRECTX.DLL
C:\USERS\ROOT\DOCUMENTS\VISUAL STUDIO 2010\PROJECTS\SERIALPORTTEST\DEBUG\MICROSOFT.WINDOWSAPICODEPACK.DIRECTX.ILK
C:\USERS\ROOT\DOCUMENTS\VISUAL STUDIO 2010\PROJECTS\SERIALPORTTEST\DEBUG\MICROSOFT.WINDOWSAPICODEPACK.DIRECTX.PDB
C:\USERS\ROOT\DOCUMENTS\VISUAL STUDIO 2010\PROJECTS\SERIALPORTTEST\DEBUG\MICROSOFT.WINDOWSAPICODEPACK.DIRECTX.XML
