C:\USERS\ROOT\DOCUMENTS\VISUAL STUDIO 2010\PROJECTS\SERIALPORTTEST\CODEPACK_DIRECTX\RELEASE\.NETFRAMEWORK,VERSION=V4.0.ASSEMBLYATTRIBUTES.OBJ
C:\USERS\ROOT\DOCUMENTS\VISUAL STUDIO 2010\PROJECTS\SERIALPORTTEST\CODEPACK_DIRECTX\RELEASE\ASSEMBLYINFO.OBJ
C:\USERS\ROOT\DOCUMENTS\VISUAL STUDIO 2010\PROJECTS\SERIALPORTTEST\CODEPACK_DIRECTX\RELEASE\AUTOIUNKNOWN.OBJ
C:\USERS\ROOT\DOCUMENTS\VISUAL STUDIO 2010\PROJECTS\SERIALPORTTEST\CODEPACK_DIRECTX\RELEASE\AUTOPOINTER.OBJ
C:\Users\root\Documents\Visual Studio 2010\Projects\SerialPortTest\CodePack_DirectX\Release\cl.command.1.tlog
C:\Users\root\Documents\Visual Studio 2010\Projects\SerialPortTest\CodePack_DirectX\Release\CL.read.1.tlog
C:\Users\root\Documents\Visual Studio 2010\Projects\SerialPortTest\CodePack_DirectX\Release\CL.write.1.tlog
C:\USERS\ROOT\DOCUMENTS\VISUAL STUDIO 2010\PROJECTS\SERIALPORTTEST\CODEPACK_DIRECTX\RELEASE\COMMONUTILS.OBJ
C:\USERS\ROOT\DOCUMENTS\VISUAL STUDIO 2010\PROJECTS\SERIALPORTTEST\CODEPACK_DIRECTX\RELEASE\D2DCUSTOM.OBJ
C:\USERS\ROOT\DOCUMENTS\VISUAL STUDIO 2010\PROJECTS\SERIALPORTTEST\CODEPACK_DIRECTX\RELEASE\D2DGEOMETRYSINK.OBJ
C:\USERS\ROOT\DOCUMENTS\VISUAL STUDIO 2010\PROJECTS\SERIALPORTTEST\CODEPACK_DIRECTX\RELEASE\D2DINTERFACES.OBJ
C:\USERS\ROOT\DOCUMENTS\VISUAL STUDIO 2010\PROJECTS\SERIALPORTTEST\CODEPACK_DIRECTX\RELEASE\D2DSTRUCTS.OBJ
C:\USERS\ROOT\DOCUMENTS\VISUAL STUDIO 2010\PROJECTS\SERIALPORTTEST\CODEPACK_DIRECTX\RELEASE\D2DTESSELLATIONSINK.OBJ
C:\USERS\ROOT\DOCUMENTS\VISUAL STUDIO 2010\PROJECTS\SERIALPORTTEST\CODEPACK_DIRECTX\RELEASE\D3D10ASYNCHRONOUS.OBJ
C:\USERS\ROOT\DOCUMENTS\VISUAL STUDIO 2010\PROJECTS\SERIALPORTTEST\CODEPACK_DIRECTX\RELEASE\D3D10BLENDSTATE.OBJ
C:\USERS\ROOT\DOCUMENTS\VISUAL STUDIO 2010\PROJECTS\SERIALPORTTEST\CODEPACK_DIRECTX\RELEASE\D3D10BLENDSTATE1.OBJ
C:\USERS\ROOT\DOCUMENTS\VISUAL STUDIO 2010\PROJECTS\SERIALPORTTEST\CODEPACK_DIRECTX\RELEASE\D3D10BLOB.OBJ
C:\USERS\ROOT\DOCUMENTS\VISUAL STUDIO 2010\PROJECTS\SERIALPORTTEST\CODEPACK_DIRECTX\RELEASE\D3D10BUFFER.OBJ
C:\USERS\ROOT\DOCUMENTS\VISUAL STUDIO 2010\PROJECTS\SERIALPORTTEST\CODEPACK_DIRECTX\RELEASE\D3D10COUNTER.OBJ
C:\USERS\ROOT\DOCUMENTS\VISUAL STUDIO 2010\PROJECTS\SERIALPORTTEST\CODEPACK_DIRECTX\RELEASE\D3D10DEBUG.OBJ
C:\USERS\ROOT\DOCUMENTS\VISUAL STUDIO 2010\PROJECTS\SERIALPORTTEST\CODEPACK_DIRECTX\RELEASE\D3D10DEPTHSTENCILSTATE.OBJ
C:\USERS\ROOT\DOCUMENTS\VISUAL STUDIO 2010\PROJECTS\SERIALPORTTEST\CODEPACK_DIRECTX\RELEASE\D3D10DEPTHSTENCILVIEW.OBJ
C:\USERS\ROOT\DOCUMENTS\VISUAL STUDIO 2010\PROJECTS\SERIALPORTTEST\CODEPACK_DIRECTX\RELEASE\D3D10DEVICE.OBJ
C:\USERS\ROOT\DOCUMENTS\VISUAL STUDIO 2010\PROJECTS\SERIALPORTTEST\CODEPACK_DIRECTX\RELEASE\D3D10DEVICE1.OBJ
C:\USERS\ROOT\DOCUMENTS\VISUAL STUDIO 2010\PROJECTS\SERIALPORTTEST\CODEPACK_DIRECTX\RELEASE\D3D10DEVICECHILD.OBJ
C:\USERS\ROOT\DOCUMENTS\VISUAL STUDIO 2010\PROJECTS\SERIALPORTTEST\CODEPACK_DIRECTX\RELEASE\D3D10EFFECT.OBJ
C:\USERS\ROOT\DOCUMENTS\VISUAL STUDIO 2010\PROJECTS\SERIALPORTTEST\CODEPACK_DIRECTX\RELEASE\D3D10EFFECTBLENDVARIABLE.OBJ
C:\USERS\ROOT\DOCUMENTS\VISUAL STUDIO 2010\PROJECTS\SERIALPORTTEST\CODEPACK_DIRECTX\RELEASE\D3D10EFFECTCONSTANTBUFFER.OBJ
C:\USERS\ROOT\DOCUMENTS\VISUAL STUDIO 2010\PROJECTS\SERIALPORTTEST\CODEPACK_DIRECTX\RELEASE\D3D10EFFECTDEPTHSTENCILVARIABLE.OBJ
C:\USERS\ROOT\DOCUMENTS\VISUAL STUDIO 2010\PROJECTS\SERIALPORTTEST\CODEPACK_DIRECTX\RELEASE\D3D10EFFECTDEPTHSTENCILVIEWVARIABLE.OBJ
C:\USERS\ROOT\DOCUMENTS\VISUAL STUDIO 2010\PROJECTS\SERIALPORTTEST\CODEPACK_DIRECTX\RELEASE\D3D10EFFECTMATRIXVARIABLE.OBJ
C:\USERS\ROOT\DOCUMENTS\VISUAL STUDIO 2010\PROJECTS\SERIALPORTTEST\CODEPACK_DIRECTX\RELEASE\D3D10EFFECTPASS.OBJ
C:\USERS\ROOT\DOCUMENTS\VISUAL STUDIO 2010\PROJECTS\SERIALPORTTEST\CODEPACK_DIRECTX\RELEASE\D3D10EFFECTPOOL.OBJ
C:\USERS\ROOT\DOCUMENTS\VISUAL STUDIO 2010\PROJECTS\SERIALPORTTEST\CODEPACK_DIRECTX\RELEASE\D3D10EFFECTRASTERIZERVARIABLE.OBJ
C:\USERS\ROOT\DOCUMENTS\VISUAL STUDIO 2010\PROJECTS\SERIALPORTTEST\CODEPACK_DIRECTX\RELEASE\D3D10EFFECTRENDERTARGETVIEWVARIABLE.OBJ
C:\USERS\ROOT\DOCUMENTS\VISUAL STUDIO 2010\PROJECTS\SERIALPORTTEST\CODEPACK_DIRECTX\RELEASE\D3D10EFFECTSAMPLERVARIABLE.OBJ
C:\USERS\ROOT\DOCUMENTS\VISUAL STUDIO 2010\PROJECTS\SERIALPORTTEST\CODEPACK_DIRECTX\RELEASE\D3D10EFFECTSCALARVARIABLE.OBJ
C:\USERS\ROOT\DOCUMENTS\VISUAL STUDIO 2010\PROJECTS\SERIALPORTTEST\CODEPACK_DIRECTX\RELEASE\D3D10EFFECTSHADERRESOURCEVARIABLE.OBJ
C:\USERS\ROOT\DOCUMENTS\VISUAL STUDIO 2010\PROJECTS\SERIALPORTTEST\CODEPACK_DIRECTX\RELEASE\D3D10EFFECTSHADERVARIABLE.OBJ
C:\USERS\ROOT\DOCUMENTS\VISUAL STUDIO 2010\PROJECTS\SERIALPORTTEST\CODEPACK_DIRECTX\RELEASE\D3D10EFFECTSTRINGVARIABLE.OBJ
C:\USERS\ROOT\DOCUMENTS\VISUAL STUDIO 2010\PROJECTS\SERIALPORTTEST\CODEPACK_DIRECTX\RELEASE\D3D10EFFECTTECHNIQUE.OBJ
C:\USERS\ROOT\DOCUMENTS\VISUAL STUDIO 2010\PROJECTS\SERIALPORTTEST\CODEPACK_DIRECTX\RELEASE\D3D10EFFECTTYPE.OBJ
C:\USERS\ROOT\DOCUMENTS\VISUAL STUDIO 2010\PROJECTS\SERIALPORTTEST\CODEPACK_DIRECTX\RELEASE\D3D10EFFECTVARIABLE.OBJ
C:\USERS\ROOT\DOCUMENTS\VISUAL STUDIO 2010\PROJECTS\SERIALPORTTEST\CODEPACK_DIRECTX\RELEASE\D3D10EFFECTVECTORVARIABLE.OBJ
C:\USERS\ROOT\DOCUMENTS\VISUAL STUDIO 2010\PROJECTS\SERIALPORTTEST\CODEPACK_DIRECTX\RELEASE\D3D10GEOMETRYSHADER.OBJ
C:\USERS\ROOT\DOCUMENTS\VISUAL STUDIO 2010\PROJECTS\SERIALPORTTEST\CODEPACK_DIRECTX\RELEASE\D3D10GEOMETRYSHADERPIPELINESTAGE.OBJ
C:\USERS\ROOT\DOCUMENTS\VISUAL STUDIO 2010\PROJECTS\SERIALPORTTEST\CODEPACK_DIRECTX\RELEASE\D3D10INCLUDE.OBJ
C:\USERS\ROOT\DOCUMENTS\VISUAL STUDIO 2010\PROJECTS\SERIALPORTTEST\CODEPACK_DIRECTX\RELEASE\D3D10INFOQUEUE.OBJ
C:\USERS\ROOT\DOCUMENTS\VISUAL STUDIO 2010\PROJECTS\SERIALPORTTEST\CODEPACK_DIRECTX\RELEASE\D3D10INPUTASSEMBLERPIPELINESTAGE.OBJ
C:\USERS\ROOT\DOCUMENTS\VISUAL STUDIO 2010\PROJECTS\SERIALPORTTEST\CODEPACK_DIRECTX\RELEASE\D3D10INPUTLAYOUT.OBJ
C:\USERS\ROOT\DOCUMENTS\VISUAL STUDIO 2010\PROJECTS\SERIALPORTTEST\CODEPACK_DIRECTX\RELEASE\D3D10MULTITHREAD.OBJ
C:\USERS\ROOT\DOCUMENTS\VISUAL STUDIO 2010\PROJECTS\SERIALPORTTEST\CODEPACK_DIRECTX\RELEASE\D3D10OUTPUTMERGERPIPELINESTAGE.OBJ
C:\USERS\ROOT\DOCUMENTS\VISUAL STUDIO 2010\PROJECTS\SERIALPORTTEST\CODEPACK_DIRECTX\RELEASE\D3D10PIPELINESTAGE.OBJ
C:\USERS\ROOT\DOCUMENTS\VISUAL STUDIO 2010\PROJECTS\SERIALPORTTEST\CODEPACK_DIRECTX\RELEASE\D3D10PIXELSHADER.OBJ
C:\USERS\ROOT\DOCUMENTS\VISUAL STUDIO 2010\PROJECTS\SERIALPORTTEST\CODEPACK_DIRECTX\RELEASE\D3D10PIXELSHADERPIPELINESTAGE.OBJ
C:\USERS\ROOT\DOCUMENTS\VISUAL STUDIO 2010\PROJECTS\SERIALPORTTEST\CODEPACK_DIRECTX\RELEASE\D3D10PREDICATE.OBJ
C:\USERS\ROOT\DOCUMENTS\VISUAL STUDIO 2010\PROJECTS\SERIALPORTTEST\CODEPACK_DIRECTX\RELEASE\D3D10QUERY.OBJ
C:\USERS\ROOT\DOCUMENTS\VISUAL STUDIO 2010\PROJECTS\SERIALPORTTEST\CODEPACK_DIRECTX\RELEASE\D3D10RASTERIZERPIPELINESTAGE.OBJ
C:\USERS\ROOT\DOCUMENTS\VISUAL STUDIO 2010\PROJECTS\SERIALPORTTEST\CODEPACK_DIRECTX\RELEASE\D3D10RASTERIZERSTATE.OBJ
C:\USERS\ROOT\DOCUMENTS\VISUAL STUDIO 2010\PROJECTS\SERIALPORTTEST\CODEPACK_DIRECTX\RELEASE\D3D10RENDERTARGETVIEW.OBJ
C:\USERS\ROOT\DOCUMENTS\VISUAL STUDIO 2010\PROJECTS\SERIALPORTTEST\CODEPACK_DIRECTX\RELEASE\D3D10RESOURCE.OBJ
C:\USERS\ROOT\DOCUMENTS\VISUAL STUDIO 2010\PROJECTS\SERIALPORTTEST\CODEPACK_DIRECTX\RELEASE\D3D10SAMPLERSTATE.OBJ
C:\USERS\ROOT\DOCUMENTS\VISUAL STUDIO 2010\PROJECTS\SERIALPORTTEST\CODEPACK_DIRECTX\RELEASE\D3D10SHADERREFLECTION.OBJ
C:\USERS\ROOT\DOCUMENTS\VISUAL STUDIO 2010\PROJECTS\SERIALPORTTEST\CODEPACK_DIRECTX\RELEASE\D3D10SHADERREFLECTION1.OBJ
C:\USERS\ROOT\DOCUMENTS\VISUAL STUDIO 2010\PROJECTS\SERIALPORTTEST\CODEPACK_DIRECTX\RELEASE\D3D10SHADERREFLECTIONCONSTANTBUFFER.OBJ
C:\USERS\ROOT\DOCUMENTS\VISUAL STUDIO 2010\PROJECTS\SERIALPORTTEST\CODEPACK_DIRECTX\RELEASE\D3D10SHADERREFLECTIONTYPE.OBJ
C:\USERS\ROOT\DOCUMENTS\VISUAL STUDIO 2010\PROJECTS\SERIALPORTTEST\CODEPACK_DIRECTX\RELEASE\D3D10SHADERREFLECTIONVARIABLE.OBJ
C:\USERS\ROOT\DOCUMENTS\VISUAL STUDIO 2010\PROJECTS\SERIALPORTTEST\CODEPACK_DIRECTX\RELEASE\D3D10SHADERRESOURCEVIEW.OBJ
C:\USERS\ROOT\DOCUMENTS\VISUAL STUDIO 2010\PROJECTS\SERIALPORTTEST\CODEPACK_DIRECTX\RELEASE\D3D10SHADERRESOURCEVIEW1.OBJ
C:\USERS\ROOT\DOCUMENTS\VISUAL STUDIO 2010\PROJECTS\SERIALPORTTEST\CODEPACK_DIRECTX\RELEASE\D3D10STATEBLOCK.OBJ
C:\USERS\ROOT\DOCUMENTS\VISUAL STUDIO 2010\PROJECTS\SERIALPORTTEST\CODEPACK_DIRECTX\RELEASE\D3D10STREAMOUTPUTPIPELINESTAGE.OBJ
C:\USERS\ROOT\DOCUMENTS\VISUAL STUDIO 2010\PROJECTS\SERIALPORTTEST\CODEPACK_DIRECTX\RELEASE\D3D10STRUCTS.OBJ
C:\USERS\ROOT\DOCUMENTS\VISUAL STUDIO 2010\PROJECTS\SERIALPORTTEST\CODEPACK_DIRECTX\RELEASE\D3D10SWITCHTOREF.OBJ
C:\USERS\ROOT\DOCUMENTS\VISUAL STUDIO 2010\PROJECTS\SERIALPORTTEST\CODEPACK_DIRECTX\RELEASE\D3D10TEXTURE1D.OBJ
C:\USERS\ROOT\DOCUMENTS\VISUAL STUDIO 2010\PROJECTS\SERIALPORTTEST\CODEPACK_DIRECTX\RELEASE\D3D10TEXTURE2D.OBJ
C:\USERS\ROOT\DOCUMENTS\VISUAL STUDIO 2010\PROJECTS\SERIALPORTTEST\CODEPACK_DIRECTX\RELEASE\D3D10TEXTURE3D.OBJ
C:\USERS\ROOT\DOCUMENTS\VISUAL STUDIO 2010\PROJECTS\SERIALPORTTEST\CODEPACK_DIRECTX\RELEASE\D3D10VERTEXSHADER.OBJ
C:\USERS\ROOT\DOCUMENTS\VISUAL STUDIO 2010\PROJECTS\SERIALPORTTEST\CODEPACK_DIRECTX\RELEASE\D3D10VERTEXSHADERPIPELINESTAGE.OBJ
C:\USERS\ROOT\DOCUMENTS\VISUAL STUDIO 2010\PROJECTS\SERIALPORTTEST\CODEPACK_DIRECTX\RELEASE\D3D10VIEW.OBJ
C:\USERS\ROOT\DOCUMENTS\VISUAL STUDIO 2010\PROJECTS\SERIALPORTTEST\CODEPACK_DIRECTX\RELEASE\D3D11ASYNCHRONOUS.OBJ
C:\USERS\ROOT\DOCUMENTS\VISUAL STUDIO 2010\PROJECTS\SERIALPORTTEST\CODEPACK_DIRECTX\RELEASE\D3D11BLENDSTATE.OBJ
C:\USERS\ROOT\DOCUMENTS\VISUAL STUDIO 2010\PROJECTS\SERIALPORTTEST\CODEPACK_DIRECTX\RELEASE\D3D11BUFFER.OBJ
C:\USERS\ROOT\DOCUMENTS\VISUAL STUDIO 2010\PROJECTS\SERIALPORTTEST\CODEPACK_DIRECTX\RELEASE\D3D11CLASSINSTANCE.OBJ
C:\USERS\ROOT\DOCUMENTS\VISUAL STUDIO 2010\PROJECTS\SERIALPORTTEST\CODEPACK_DIRECTX\RELEASE\D3D11CLASSLINKAGE.OBJ
C:\USERS\ROOT\DOCUMENTS\VISUAL STUDIO 2010\PROJECTS\SERIALPORTTEST\CODEPACK_DIRECTX\RELEASE\D3D11COMMANDLIST.OBJ
C:\USERS\ROOT\DOCUMENTS\VISUAL STUDIO 2010\PROJECTS\SERIALPORTTEST\CODEPACK_DIRECTX\RELEASE\D3D11COMPUTESHADER.OBJ
C:\USERS\ROOT\DOCUMENTS\VISUAL STUDIO 2010\PROJECTS\SERIALPORTTEST\CODEPACK_DIRECTX\RELEASE\D3D11COMPUTESHADERPIPELINESTAGE.OBJ
C:\USERS\ROOT\DOCUMENTS\VISUAL STUDIO 2010\PROJECTS\SERIALPORTTEST\CODEPACK_DIRECTX\RELEASE\D3D11COUNTER.OBJ
C:\USERS\ROOT\DOCUMENTS\VISUAL STUDIO 2010\PROJECTS\SERIALPORTTEST\CODEPACK_DIRECTX\RELEASE\D3D11DEBUG.OBJ
C:\USERS\ROOT\DOCUMENTS\VISUAL STUDIO 2010\PROJECTS\SERIALPORTTEST\CODEPACK_DIRECTX\RELEASE\D3D11DEPTHSTENCILSTATE.OBJ
C:\USERS\ROOT\DOCUMENTS\VISUAL STUDIO 2010\PROJECTS\SERIALPORTTEST\CODEPACK_DIRECTX\RELEASE\D3D11DEPTHSTENCILVIEW.OBJ
C:\USERS\ROOT\DOCUMENTS\VISUAL STUDIO 2010\PROJECTS\SERIALPORTTEST\CODEPACK_DIRECTX\RELEASE\D3D11DEVICE.OBJ
C:\USERS\ROOT\DOCUMENTS\VISUAL STUDIO 2010\PROJECTS\SERIALPORTTEST\CODEPACK_DIRECTX\RELEASE\D3D11DEVICECHILD.OBJ
C:\USERS\ROOT\DOCUMENTS\VISUAL STUDIO 2010\PROJECTS\SERIALPORTTEST\CODEPACK_DIRECTX\RELEASE\D3D11DEVICECONTEXT.OBJ
C:\USERS\ROOT\DOCUMENTS\VISUAL STUDIO 2010\PROJECTS\SERIALPORTTEST\CODEPACK_DIRECTX\RELEASE\D3D11DOMAINSHADER.OBJ
C:\USERS\ROOT\DOCUMENTS\VISUAL STUDIO 2010\PROJECTS\SERIALPORTTEST\CODEPACK_DIRECTX\RELEASE\D3D11DOMAINSHADERPIPELINESTAGE.OBJ
C:\USERS\ROOT\DOCUMENTS\VISUAL STUDIO 2010\PROJECTS\SERIALPORTTEST\CODEPACK_DIRECTX\RELEASE\D3D11GEOMETRYSHADER.OBJ
C:\USERS\ROOT\DOCUMENTS\VISUAL STUDIO 2010\PROJECTS\SERIALPORTTEST\CODEPACK_DIRECTX\RELEASE\D3D11GEOMETRYSHADERPIPELINESTAGE.OBJ
C:\USERS\ROOT\DOCUMENTS\VISUAL STUDIO 2010\PROJECTS\SERIALPORTTEST\CODEPACK_DIRECTX\RELEASE\D3D11HULLSHADER.OBJ
C:\USERS\ROOT\DOCUMENTS\VISUAL STUDIO 2010\PROJECTS\SERIALPORTTEST\CODEPACK_DIRECTX\RELEASE\D3D11HULLSHADERPIPELINESTAGE.OBJ
C:\USERS\ROOT\DOCUMENTS\VISUAL STUDIO 2010\PROJECTS\SERIALPORTTEST\CODEPACK_DIRECTX\RELEASE\D3D11INFOQUEUE.OBJ
C:\USERS\ROOT\DOCUMENTS\VISUAL STUDIO 2010\PROJECTS\SERIALPORTTEST\CODEPACK_DIRECTX\RELEASE\D3D11INPUTASSEMBLERPIPELINESTAGE.OBJ
C:\USERS\ROOT\DOCUMENTS\VISUAL STUDIO 2010\PROJECTS\SERIALPORTTEST\CODEPACK_DIRECTX\RELEASE\D3D11INPUTLAYOUT.OBJ
C:\USERS\ROOT\DOCUMENTS\VISUAL STUDIO 2010\PROJECTS\SERIALPORTTEST\CODEPACK_DIRECTX\RELEASE\D3D11OUTPUTMERGERPIPELINESTAGE.OBJ
C:\USERS\ROOT\DOCUMENTS\VISUAL STUDIO 2010\PROJECTS\SERIALPORTTEST\CODEPACK_DIRECTX\RELEASE\D3D11PIPELINESTAGE.OBJ
C:\USERS\ROOT\DOCUMENTS\VISUAL STUDIO 2010\PROJECTS\SERIALPORTTEST\CODEPACK_DIRECTX\RELEASE\D3D11PIXELSHADER.OBJ
C:\USERS\ROOT\DOCUMENTS\VISUAL STUDIO 2010\PROJECTS\SERIALPORTTEST\CODEPACK_DIRECTX\RELEASE\D3D11PIXELSHADERPIPELINESTAGE.OBJ
C:\USERS\ROOT\DOCUMENTS\VISUAL STUDIO 2010\PROJECTS\SERIALPORTTEST\CODEPACK_DIRECTX\RELEASE\D3D11PREDICATE.OBJ
C:\USERS\ROOT\DOCUMENTS\VISUAL STUDIO 2010\PROJECTS\SERIALPORTTEST\CODEPACK_DIRECTX\RELEASE\D3D11QUERY.OBJ
C:\USERS\ROOT\DOCUMENTS\VISUAL STUDIO 2010\PROJECTS\SERIALPORTTEST\CODEPACK_DIRECTX\RELEASE\D3D11RASTERIZERPIPELINESTAGE.OBJ
C:\USERS\ROOT\DOCUMENTS\VISUAL STUDIO 2010\PROJECTS\SERIALPORTTEST\CODEPACK_DIRECTX\RELEASE\D3D11RASTERIZERSTATE.OBJ
C:\USERS\ROOT\DOCUMENTS\VISUAL STUDIO 2010\PROJECTS\SERIALPORTTEST\CODEPACK_DIRECTX\RELEASE\D3D11RENDERTARGETVIEW.OBJ
C:\USERS\ROOT\DOCUMENTS\VISUAL STUDIO 2010\PROJECTS\SERIALPORTTEST\CODEPACK_DIRECTX\RELEASE\D3D11RESOURCE.OBJ
C:\USERS\ROOT\DOCUMENTS\VISUAL STUDIO 2010\PROJECTS\SERIALPORTTEST\CODEPACK_DIRECTX\RELEASE\D3D11SAMPLERSTATE.OBJ
C:\USERS\ROOT\DOCUMENTS\VISUAL STUDIO 2010\PROJECTS\SERIALPORTTEST\CODEPACK_DIRECTX\RELEASE\D3D11SHADERRESOURCEVIEW.OBJ
C:\USERS\ROOT\DOCUMENTS\VISUAL STUDIO 2010\PROJECTS\SERIALPORTTEST\CODEPACK_DIRECTX\RELEASE\D3D11STREAMOUTPUTPIPELINESTAGE.OBJ
C:\USERS\ROOT\DOCUMENTS\VISUAL STUDIO 2010\PROJECTS\SERIALPORTTEST\CODEPACK_DIRECTX\RELEASE\D3D11SWITCHTOREF.OBJ
C:\USERS\ROOT\DOCUMENTS\VISUAL STUDIO 2010\PROJECTS\SERIALPORTTEST\CODEPACK_DIRECTX\RELEASE\D3D11TEXTURE1D.OBJ
C:\USERS\ROOT\DOCUMENTS\VISUAL STUDIO 2010\PROJECTS\SERIALPORTTEST\CODEPACK_DIRECTX\RELEASE\D3D11TEXTURE2D.OBJ
C:\USERS\ROOT\DOCUMENTS\VISUAL STUDIO 2010\PROJECTS\SERIALPORTTEST\CODEPACK_DIRECTX\RELEASE\D3D11TEXTURE3D.OBJ
C:\USERS\ROOT\DOCUMENTS\VISUAL STUDIO 2010\PROJECTS\SERIALPORTTEST\CODEPACK_DIRECTX\RELEASE\D3D11UNORDEREDACCESSVIEW.OBJ
C:\USERS\ROOT\DOCUMENTS\VISUAL STUDIO 2010\PROJECTS\SERIALPORTTEST\CODEPACK_DIRECTX\RELEASE\D3D11VERTEXSHADER.OBJ
C:\USERS\ROOT\DOCUMENTS\VISUAL STUDIO 2010\PROJECTS\SERIALPORTTEST\CODEPACK_DIRECTX\RELEASE\D3D11VERTEXSHADERPIPELINESTAGE.OBJ
C:\USERS\ROOT\DOCUMENTS\VISUAL STUDIO 2010\PROJECTS\SERIALPORTTEST\CODEPACK_DIRECTX\RELEASE\D3D11VIEW.OBJ
C:\USERS\ROOT\DOCUMENTS\VISUAL STUDIO 2010\PROJECTS\SERIALPORTTEST\CODEPACK_DIRECTX\RELEASE\DIRECT3DEXCEPTION.OBJ
C:\USERS\ROOT\DOCUMENTS\VISUAL STUDIO 2010\PROJECTS\SERIALPORTTEST\CODEPACK_DIRECTX\RELEASE\DIRECTHELPERS.OBJ
C:\USERS\ROOT\DOCUMENTS\VISUAL STUDIO 2010\PROJECTS\SERIALPORTTEST\CODEPACK_DIRECTX\RELEASE\DIRECTOBJECT.OBJ
C:\USERS\ROOT\DOCUMENTS\VISUAL STUDIO 2010\PROJECTS\SERIALPORTTEST\CODEPACK_DIRECTX\RELEASE\DIRECTUNKNOWN.OBJ
C:\USERS\ROOT\DOCUMENTS\VISUAL STUDIO 2010\PROJECTS\SERIALPORTTEST\CODEPACK_DIRECTX\RELEASE\DIRECTX.DLL.INTERMEDIATE.MANIFEST
C:\USERS\ROOT\DOCUMENTS\VISUAL STUDIO 2010\PROJECTS\SERIALPORTTEST\CODEPACK_DIRECTX\RELEASE\DIRECTX.PCH
C:\Users\root\Documents\Visual Studio 2010\Projects\SerialPortTest\CodePack_DirectX\Release\DirectX.write.1.tlog
C:\USERS\ROOT\DOCUMENTS\VISUAL STUDIO 2010\PROJECTS\SERIALPORTTEST\CODEPACK_DIRECTX\RELEASE\DWRITEFACTORY.OBJ
C:\USERS\ROOT\DOCUMENTS\VISUAL STUDIO 2010\PROJECTS\SERIALPORTTEST\CODEPACK_DIRECTX\RELEASE\DWRITEFONT.OBJ
C:\USERS\ROOT\DOCUMENTS\VISUAL STUDIO 2010\PROJECTS\SERIALPORTTEST\CODEPACK_DIRECTX\RELEASE\DWRITEFONTFACE.OBJ
C:\USERS\ROOT\DOCUMENTS\VISUAL STUDIO 2010\PROJECTS\SERIALPORTTEST\CODEPACK_DIRECTX\RELEASE\DWRITEFONTFAMILY.OBJ
C:\USERS\ROOT\DOCUMENTS\VISUAL STUDIO 2010\PROJECTS\SERIALPORTTEST\CODEPACK_DIRECTX\RELEASE\DWRITEFONTFAMILYCOLLECTION.OBJ
C:\USERS\ROOT\DOCUMENTS\VISUAL STUDIO 2010\PROJECTS\SERIALPORTTEST\CODEPACK_DIRECTX\RELEASE\DWRITEINLINEOBJECT.OBJ
C:\USERS\ROOT\DOCUMENTS\VISUAL STUDIO 2010\PROJECTS\SERIALPORTTEST\CODEPACK_DIRECTX\RELEASE\DWRITERENDERINGPARAMS.OBJ
C:\USERS\ROOT\DOCUMENTS\VISUAL STUDIO 2010\PROJECTS\SERIALPORTTEST\CODEPACK_DIRECTX\RELEASE\DWRITESTRUCTS.OBJ
C:\USERS\ROOT\DOCUMENTS\VISUAL STUDIO 2010\PROJECTS\SERIALPORTTEST\CODEPACK_DIRECTX\RELEASE\DWRITETEXTFORMAT.OBJ
C:\USERS\ROOT\DOCUMENTS\VISUAL STUDIO 2010\PROJECTS\SERIALPORTTEST\CODEPACK_DIRECTX\RELEASE\DWRITETEXTLAYOUT.OBJ
C:\USERS\ROOT\DOCUMENTS\VISUAL STUDIO 2010\PROJECTS\SERIALPORTTEST\CODEPACK_DIRECTX\RELEASE\DWRITETYPOGRAPHY.OBJ
C:\USERS\ROOT\DOCUMENTS\VISUAL STUDIO 2010\PROJECTS\SERIALPORTTEST\CODEPACK_DIRECTX\RELEASE\DXGIADAPTER.OBJ
C:\USERS\ROOT\DOCUMENTS\VISUAL STUDIO 2010\PROJECTS\SERIALPORTTEST\CODEPACK_DIRECTX\RELEASE\DXGIADAPTER1.OBJ
C:\USERS\ROOT\DOCUMENTS\VISUAL STUDIO 2010\PROJECTS\SERIALPORTTEST\CODEPACK_DIRECTX\RELEASE\DXGIDEVICE.OBJ
C:\USERS\ROOT\DOCUMENTS\VISUAL STUDIO 2010\PROJECTS\SERIALPORTTEST\CODEPACK_DIRECTX\RELEASE\DXGIDEVICE1.OBJ
C:\USERS\ROOT\DOCUMENTS\VISUAL STUDIO 2010\PROJECTS\SERIALPORTTEST\CODEPACK_DIRECTX\RELEASE\DXGIDEVICESUBOBJECT.OBJ
C:\USERS\ROOT\DOCUMENTS\VISUAL STUDIO 2010\PROJECTS\SERIALPORTTEST\CODEPACK_DIRECTX\RELEASE\DXGIEXCEPTION.OBJ
C:\USERS\ROOT\DOCUMENTS\VISUAL STUDIO 2010\PROJECTS\SERIALPORTTEST\CODEPACK_DIRECTX\RELEASE\DXGIFACTORY.OBJ
C:\USERS\ROOT\DOCUMENTS\VISUAL STUDIO 2010\PROJECTS\SERIALPORTTEST\CODEPACK_DIRECTX\RELEASE\DXGIFACTORY1.OBJ
C:\USERS\ROOT\DOCUMENTS\VISUAL STUDIO 2010\PROJECTS\SERIALPORTTEST\CODEPACK_DIRECTX\RELEASE\DXGIKEYEDMUTEX.OBJ
C:\USERS\ROOT\DOCUMENTS\VISUAL STUDIO 2010\PROJECTS\SERIALPORTTEST\CODEPACK_DIRECTX\RELEASE\DXGIOBJECT.OBJ
C:\USERS\ROOT\DOCUMENTS\VISUAL STUDIO 2010\PROJECTS\SERIALPORTTEST\CODEPACK_DIRECTX\RELEASE\DXGIOUTPUT.OBJ
C:\USERS\ROOT\DOCUMENTS\VISUAL STUDIO 2010\PROJECTS\SERIALPORTTEST\CODEPACK_DIRECTX\RELEASE\DXGIRESOURCE.OBJ
C:\USERS\ROOT\DOCUMENTS\VISUAL STUDIO 2010\PROJECTS\SERIALPORTTEST\CODEPACK_DIRECTX\RELEASE\DXGISURFACE.OBJ
C:\USERS\ROOT\DOCUMENTS\VISUAL STUDIO 2010\PROJECTS\SERIALPORTTEST\CODEPACK_DIRECTX\RELEASE\DXGISURFACE1.OBJ
C:\USERS\ROOT\DOCUMENTS\VISUAL STUDIO 2010\PROJECTS\SERIALPORTTEST\CODEPACK_DIRECTX\RELEASE\DXGISWAPCHAIN.OBJ
C:\USERS\ROOT\DOCUMENTS\VISUAL STUDIO 2010\PROJECTS\SERIALPORTTEST\CODEPACK_DIRECTX\RELEASE\ICUSTOMINLINEOBJECT.OBJ
C:\USERS\ROOT\DOCUMENTS\VISUAL STUDIO 2010\PROJECTS\SERIALPORTTEST\CODEPACK_DIRECTX\RELEASE\LIBRARYLOADER.OBJ
C:\Users\root\Documents\Visual Studio 2010\Projects\SerialPortTest\CodePack_DirectX\Release\link.command.1.tlog
C:\Users\root\Documents\Visual Studio 2010\Projects\SerialPortTest\CodePack_DirectX\Release\link.read.1.tlog
C:\Users\root\Documents\Visual Studio 2010\Projects\SerialPortTest\CodePack_DirectX\Release\link.write.1.tlog
C:\Users\root\Documents\Visual Studio 2010\Projects\SerialPortTest\CodePack_DirectX\Release\metagen.read.1.tlog
C:\Users\root\Documents\Visual Studio 2010\Projects\SerialPortTest\CodePack_DirectX\Release\metagen.write.1.tlog
C:\Users\root\Documents\Visual Studio 2010\Projects\SerialPortTest\CodePack_DirectX\Release\mt.command.1.tlog
C:\Users\root\Documents\Visual Studio 2010\Projects\SerialPortTest\CodePack_DirectX\Release\mt.read.1.tlog
C:\Users\root\Documents\Visual Studio 2010\Projects\SerialPortTest\CodePack_DirectX\Release\mt.write.1.tlog
C:\Users\root\Documents\Visual Studio 2010\Projects\SerialPortTest\CodePack_DirectX\Release\RSAENH.DLL.bi
C:\USERS\ROOT\DOCUMENTS\VISUAL STUDIO 2010\PROJECTS\SERIALPORTTEST\CODEPACK_DIRECTX\RELEASE\STDAFX.OBJ
C:\Users\root\Documents\Visual Studio 2010\Projects\SerialPortTest\CodePack_DirectX\Release\TZRES.DLL.bi
C:\USERS\ROOT\DOCUMENTS\VISUAL STUDIO 2010\PROJECTS\SERIALPORTTEST\CODEPACK_DIRECTX\RELEASE\VC100.PDB
C:\USERS\ROOT\DOCUMENTS\VISUAL STUDIO 2010\PROJECTS\SERIALPORTTEST\CODEPACK_DIRECTX\RELEASE\WICBITMAP.OBJ
C:\USERS\ROOT\DOCUMENTS\VISUAL STUDIO 2010\PROJECTS\SERIALPORTTEST\CODEPACK_DIRECTX\RELEASE\WICBITMAPDECODER.OBJ
C:\USERS\ROOT\DOCUMENTS\VISUAL STUDIO 2010\PROJECTS\SERIALPORTTEST\CODEPACK_DIRECTX\RELEASE\WICBITMAPFRAMEDECODE.OBJ
C:\USERS\ROOT\DOCUMENTS\VISUAL STUDIO 2010\PROJECTS\SERIALPORTTEST\CODEPACK_DIRECTX\RELEASE\WICBITMAPLOCK.OBJ
C:\USERS\ROOT\DOCUMENTS\VISUAL STUDIO 2010\PROJECTS\SERIALPORTTEST\CODEPACK_DIRECTX\RELEASE\WICBITMAPSOURCE.OBJ
C:\USERS\ROOT\DOCUMENTS\VISUAL STUDIO 2010\PROJECTS\SERIALPORTTEST\CODEPACK_DIRECTX\RELEASE\WICFORMATCONVERTER.OBJ
C:\USERS\ROOT\DOCUMENTS\VISUAL STUDIO 2010\PROJECTS\SERIALPORTTEST\CODEPACK_DIRECTX\RELEASE\WICIMAGINGFACTORY.OBJ
C:\USERS\ROOT\DOCUMENTS\VISUAL STUDIO 2010\PROJECTS\SERIALPORTTEST\CODEPACK_DIRECTX\RELEASE\WICSTREAMWRAPPER.OBJ
C:\USERS\ROOT\DOCUMENTS\VISUAL STUDIO 2010\PROJECTS\SERIALPORTTEST\RELEASE\DIRECTX.PDB
C:\USERS\ROOT\DOCUMENTS\VISUAL STUDIO 2010\PROJECTS\SERIALPORTTEST\RELEASE\MICROSOFT.WINDOWSAPICODEPACK.DIRECTX.DLL
