2011/07/06 18:54:28 にビルドを開始しました。
     1>ノード 3 上のプロジェクト "C:\Users\root\Documents\Visual Studio 2010\Projects\SerialPortTest\CodePack_DirectX\DirectX.vcxproj" (build ターゲット)。
     1>InitializeBuildStatus:
         "AlwaysCreate" が指定されたため "Release\DirectX.unsuccessfulbuild" を作成しています。
       GenerateTargetFrameworkMonikerAttribute:
       すべての出力ファイルが入力ファイルに対して最新なので、ターゲット "GenerateTargetFrameworkMonikerAttribute" を省略します。
       ClCompile:
         D:\Program Files (x86)\Microsoft Visual Studio 10.0\VC\bin\CL.exe /c /I"C:\Users\root\Documents\Visual Studio 2010\Projects\SerialPortTest\CodePack_DirectX\\" /AI"C:\Program Files (x86)\Reference Assemblies\Microsoft\Framework\.NETFramework\v4.0" /Zi /clr /nologo /W3 /WX- /O2 /Oy- /GL /D WIN32 /D NDEBUG /D UNICODE /D _UNICODE /D _WINDLL /D _UNICODE /D UNICODE /EHa /MD /GS /fp:precise /Zc:wchar_t /Zc:forScope /Yc"StdAfx.h" /Fp"Release\DirectX.pch" /Fo"Release\\" /Fd"Release\vc100.pdb" /TP /FU"C:\Program Files (x86)\Reference Assemblies\Microsoft\Framework\.NETFramework\v4.0\System.Core.dll" /FU"C:\Program Files (x86)\Reference Assemblies\Microsoft\Framework\.NETFramework\v4.0\System.dll" /analyze- /errorReport:prompt Stdafx.cpp /clr:nostdlib 
         Stdafx.cpp
     1>c:\users\root\documents\visual studio 2010\projects\serialporttest\codepack_directx\DirectWrite/DWriteStructs.h : warning C4819: ファイルは、現在のコード ページ (932) で表示できない文字を含んでいます。データの損失を防ぐために、ファイルを Unicode 形式で保存してください。
     1>c:\users\root\documents\visual studio 2010\projects\serialporttest\codepack_directx\DirectWrite/DWriteStructs.h(846): warning C4819: ファイルは、現在のコード ページ (932) で表示できない文字を含んでいます。データの損失を防ぐために、ファイルを Unicode 形式で保存してください。
         D:\Program Files (x86)\Microsoft Visual Studio 10.0\VC\bin\CL.exe /c /I"C:\Users\root\Documents\Visual Studio 2010\Projects\SerialPortTest\CodePack_DirectX\\" /AI"C:\Program Files (x86)\Reference Assemblies\Microsoft\Framework\.NETFramework\v4.0" /Zi /clr /nologo /W3 /WX- /O2 /Oy- /GL /D WIN32 /D NDEBUG /D UNICODE /D _UNICODE /D _WINDLL /D _UNICODE /D UNICODE /EHa /MD /GS /fp:precise /Zc:wchar_t /Zc:forScope /Yu"StdAfx.h" /Fp"Release\DirectX.pch" /Fo"Release\\" /Fd"Release\vc100.pdb" /TP /FU"C:\Program Files (x86)\Reference Assemblies\Microsoft\Framework\.NETFramework\v4.0\System.Core.dll" /FU"C:\Program Files (x86)\Reference Assemblies\Microsoft\Framework\.NETFramework\v4.0\System.dll" /analyze- /errorReport:prompt AssemblyInfo.cpp DXGI\DXGIAdapter.cpp DXGI\DXGIAdapter1.cpp DXGI\DXGIDevice.cpp DXGI\DXGIDevice1.cpp DXGI\DXGIDeviceSubObject.cpp DXGI\DXGIException.cpp DXGI\DXGIFactory.cpp DXGI\DXGIFactory1.cpp DXGI\DXGIKeyedMutex.cpp DXGI\DXGIObject.cpp DXGI\DXGIOutput.cpp DXGI\DXGIResource.cpp DXGI\DXGISurface.cpp DXGI\DXGISurface1.cpp DXGI\DXGISwapChain.cpp AutoIUnknown.cpp AutoPointer.cpp CommonUtils.cpp DirectHelpers.cpp DirectObject.cpp DirectUnknown.cpp LibraryLoader.cpp Direct3D10\D3D10Structs.cpp Direct3D10\D3D10Asynchronous.cpp Direct3D10\D3D10BlendState.cpp Direct3D10\D3D10BlendState1.cpp Direct3D10\D3D10Blob.cpp Direct3D10\D3D10Counter.cpp Direct3D10\D3D10Debug.cpp Direct3D10\D3D10DepthStencilState.cpp Direct3D10\D3D10Device.cpp Direct3D10\D3D10Device1.cpp Direct3D10\D3D10DeviceChild.cpp Direct3D10\D3D10Include.cpp Direct3D10\D3D10InfoQueue.cpp Direct3D10\D3D10InputLayout.cpp Direct3D10\D3D10Multithread.cpp Direct3D10\D3D10Predicate.cpp Direct3D10\D3D10Query.cpp Direct3D10\D3D10RasterizerState.cpp Direct3D10\D3D10SamplerState.cpp Direct3D10\D3D10StateBlock.cpp Direct3D10\D3D10SwitchToRef.cpp Direct3D10\D3D10GeometryShaderPipelineStage.cpp Direct3D10\D3D10InputAssemblerPipelineStage.cpp Direct3D10\D3D10OutputMergerPipelineStage.cpp Direct3D10\D3D10PipelineStage.cpp Direct3D10\D3D10PixelShaderPipelineStage.cpp Direct3D10\D3D10RasterizerPipelineStage.cpp Direct3D10\D3D10StreamOutputPipelineStage.cpp Direct3D10\D3D10VertexShaderPipelineStage.cpp Direct3D10\D3D10Buffer.cpp Direct3D10\D3D10DepthStencilView.cpp Direct3D10\D3D10RenderTargetView.cpp Direct3D10\D3D10Resource.cpp Direct3D10\D3D10ShaderResourceView.cpp Direct3D10\D3D10ShaderResourceView1.cpp Direct3D10\D3D10Texture1D.cpp Direct3D10\D3D10Texture2D.cpp Direct3D10\D3D10Texture3D.cpp Direct3D10\D3D10View.cpp Direct3D10\D3D10GeometryShader.cpp Direct3D10\D3D10PixelShader.cpp Direct3D10\D3D10ShaderReflection.cpp Direct3D10\D3D10ShaderReflection1.cpp Direct3D10\D3D10ShaderReflectionConstantBuffer.cpp Direct3D10\D3D10ShaderReflectionType.cpp Direct3D10\D3D10ShaderReflectionVariable.cpp Direct3D10\D3D10VertexShader.cpp Direct3D10\D3D10Effect.cpp Direct3D10\D3D10EffectBlendVariable.cpp Direct3D10\D3D10EffectConstantBuffer.cpp Direct3D10\D3D10EffectDepthStencilVariable.cpp Direct3D10\D3D10EffectDepthStencilViewVariable.cpp Direct3D10\D3D10EffectMatrixVariable.cpp Direct3D10\D3D10EffectPass.cpp Direct3D10\D3D10EffectPool.cpp Direct3D10\D3D10EffectRasterizerVariable.cpp Direct3D10\D3D10EffectRenderTargetViewVariable.cpp Direct3D10\D3D10EffectSamplerVariable.cpp Direct3D10\D3D10EffectScalarVariable.cpp Direct3D10\D3D10EffectShaderResourceVariable.cpp Direct3D10\D3D10EffectShaderVariable.cpp Direct3D10\D3D10EffectStringVariable.cpp Direct3D10\D3D10EffectTechnique.cpp Direct3D10\D3D10EffectType.cpp Direct3D10\D3D10EffectVariable.cpp Direct3D10\D3D10EffectVectorVariable.cpp Direct3D11\D3D11Asynchronous.cpp Direct3D11\D3D11BlendState.cpp Direct3D11\D3D11CommandList.cpp Direct3D11\D3D11Counter.cpp Direct3D11\D3D11DepthStencilState.cpp Direct3D11\D3D11Device.cpp Direct3D11\D3D11DeviceChild.cpp Direct3D11\D3D11DeviceContext.cpp Direct3D11\D3D11InputLayout.cpp Direct3D11\D3D11Predicate.cpp Direct3D11\D3D11Query.cpp Direct3D11\D3D11RasterizerState.cpp Direct3D11\D3D11SamplerState.cpp Direct3D11\D3D11ComputeShaderPipelineStage.cpp Direct3D11\D3D11DomainShaderPipelineStage.cpp Direct3D11\D3D11GeometryShaderPipelineStage.cpp Direct3D11\D3D11HullShaderPipelineStage.cpp Direct3D11\D3D11InputAssemblerPipelineStage.cpp Direct3D11\D3D11OutputMergerPipelineStage.cpp Direct3D11\D3D11PipelineStage.cpp Direct3D11\D3D11PixelShaderPipelineStage.cpp Direct3D11\D3D11RasterizerPipelineStage.cpp Direct3D11\D3D11StreamOutputPipelineStage.cpp Direct3D11\D3D11VertexShaderPipelineStage.cpp Direct3D11\D3D11Debug.cpp Direct3D11\D3D11InfoQueue.cpp Direct3D11\D3D11SwitchToRef.cpp Direct3D11\D3D11ClassInstance.cpp Direct3D11\D3D11ClassLinkage.cpp Direct3D11\D3D11ComputeShader.cpp Direct3D11\D3D11DomainShader.cpp Direct3D11\D3D11GeometryShader.cpp Direct3D11\D3D11HullShader.cpp Direct3D11\D3D11PixelShader.cpp Direct3D11\D3D11VertexShader.cpp Direct3D11\D3D11Buffer.cpp Direct3D11\D3D11DepthStencilView.cpp Direct3D11\D3D11RenderTargetView.cpp Direct3D11\D3D11Resource.cpp Direct3D11\D3D11ShaderResourceView.cpp Direct3D11\D3D11Texture1D.cpp Direct3D11\D3D11Texture2D.cpp Direct3D11\D3D11Texture3D.cpp Direct3D11\D3D11UnorderedAccessView.cpp Direct3D11\D3D11View.cpp Direct2D\D2DCustom.cpp Direct2D\D2DGeometrySink.cpp Direct2D\D2DInterfaces.cpp Direct2D\D2DStructs.cpp Direct2D\D2DTessellationSink.cpp WIC\WICBitmap.cpp WIC\WICBitmapDecoder.cpp WIC\WICBitmapFrameDecode.cpp WIC\WICBitmapLock.cpp WIC\WICBitmapSource.cpp WIC\WICFormatConverter.cpp WIC\WICImagingFactory.cpp WIC\WICStreamWrapper.cpp DirectWrite\DWriteFactory.cpp DirectWrite\DWriteFont.cpp DirectWrite\DWriteFontFace.cpp DirectWrite\DWriteFontFamily.cpp DirectWrite\DWriteFontFamilyCollection.cpp DirectWrite\DWriteInlineObject.cpp DirectWrite\DWriteRenderingParams.cpp DirectWrite\DWriteStructs.cpp DirectWrite\DWriteTextFormat.cpp DirectWrite\DWriteTextLayout.cpp DirectWrite\DWriteTypography.cpp DirectWrite\ICustomInlineObject.cpp Direct3DCommon\Direct3DException.cpp /clr:nostdlib 
         AssemblyInfo.cpp
         DXGIAdapter.cpp
         DXGIAdapter1.cpp
         DXGIDevice.cpp
         DXGIDevice1.cpp
         DXGIDeviceSubObject.cpp
         DXGIException.cpp
         DXGIFactory.cpp
         DXGIFactory1.cpp
         DXGIKeyedMutex.cpp
         DXGIObject.cpp
         DXGIOutput.cpp
         DXGIResource.cpp
         DXGISurface.cpp
         DXGISurface1.cpp
         DXGISwapChain.cpp
         AutoIUnknown.cpp
         AutoPointer.cpp
         CommonUtils.cpp
         DirectHelpers.cpp
         コードを生成中...
         コンパイル中...
         DirectObject.cpp
         DirectUnknown.cpp
         LibraryLoader.cpp
         D3D10Structs.cpp
         D3D10Asynchronous.cpp
         D3D10BlendState.cpp
         D3D10BlendState1.cpp
         D3D10Blob.cpp
         D3D10Counter.cpp
         D3D10Debug.cpp
         D3D10DepthStencilState.cpp
         D3D10Device.cpp
         D3D10Device1.cpp
         D3D10DeviceChild.cpp
         D3D10Include.cpp
         D3D10InfoQueue.cpp
         D3D10InputLayout.cpp
         D3D10Multithread.cpp
         D3D10Predicate.cpp
         D3D10Query.cpp
         コードを生成中...
         コンパイル中...
         D3D10RasterizerState.cpp
         D3D10SamplerState.cpp
         D3D10StateBlock.cpp
         D3D10SwitchToRef.cpp
         D3D10GeometryShaderPipelineStage.cpp
         D3D10InputAssemblerPipelineStage.cpp
         D3D10OutputMergerPipelineStage.cpp
         D3D10PipelineStage.cpp
         D3D10PixelShaderPipelineStage.cpp
         D3D10RasterizerPipelineStage.cpp
         D3D10StreamOutputPipelineStage.cpp
         D3D10VertexShaderPipelineStage.cpp
         D3D10Buffer.cpp
         D3D10DepthStencilView.cpp
         D3D10RenderTargetView.cpp
         D3D10Resource.cpp
         D3D10ShaderResourceView.cpp
         D3D10ShaderResourceView1.cpp
         D3D10Texture1D.cpp
         D3D10Texture2D.cpp
         コードを生成中...
         コンパイル中...
         D3D10Texture3D.cpp
         D3D10View.cpp
         D3D10GeometryShader.cpp
         D3D10PixelShader.cpp
         D3D10ShaderReflection.cpp
         D3D10ShaderReflection1.cpp
         D3D10ShaderReflectionConstantBuffer.cpp
         D3D10ShaderReflectionType.cpp
         D3D10ShaderReflectionVariable.cpp
         D3D10VertexShader.cpp
         D3D10Effect.cpp
         D3D10EffectBlendVariable.cpp
         D3D10EffectConstantBuffer.cpp
         D3D10EffectDepthStencilVariable.cpp
         D3D10EffectDepthStencilViewVariable.cpp
         D3D10EffectMatrixVariable.cpp
         D3D10EffectPass.cpp
         D3D10EffectPool.cpp
         D3D10EffectRasterizerVariable.cpp
         D3D10EffectRenderTargetViewVariable.cpp
         コードを生成中...
         コンパイル中...
         D3D10EffectSamplerVariable.cpp
         D3D10EffectScalarVariable.cpp
         D3D10EffectShaderResourceVariable.cpp
         D3D10EffectShaderVariable.cpp
         D3D10EffectStringVariable.cpp
         D3D10EffectTechnique.cpp
         D3D10EffectType.cpp
         D3D10EffectVariable.cpp
         D3D10EffectVectorVariable.cpp
         D3D11Asynchronous.cpp
         D3D11BlendState.cpp
         D3D11CommandList.cpp
         D3D11Counter.cpp
         D3D11DepthStencilState.cpp
         D3D11Device.cpp
         D3D11DeviceChild.cpp
         D3D11DeviceContext.cpp
         D3D11InputLayout.cpp
         D3D11Predicate.cpp
         D3D11Query.cpp
         コードを生成中...
         コンパイル中...
         D3D11RasterizerState.cpp
         D3D11SamplerState.cpp
         D3D11ComputeShaderPipelineStage.cpp
         D3D11DomainShaderPipelineStage.cpp
         D3D11GeometryShaderPipelineStage.cpp
         D3D11HullShaderPipelineStage.cpp
         D3D11InputAssemblerPipelineStage.cpp
         D3D11OutputMergerPipelineStage.cpp
         D3D11PipelineStage.cpp
         D3D11PixelShaderPipelineStage.cpp
         D3D11RasterizerPipelineStage.cpp
         D3D11StreamOutputPipelineStage.cpp
         D3D11VertexShaderPipelineStage.cpp
         D3D11Debug.cpp
         D3D11InfoQueue.cpp
         D3D11SwitchToRef.cpp
         D3D11ClassInstance.cpp
         D3D11ClassLinkage.cpp
         D3D11ComputeShader.cpp
         D3D11DomainShader.cpp
         コードを生成中...
         コンパイル中...
         D3D11GeometryShader.cpp
         D3D11HullShader.cpp
         D3D11PixelShader.cpp
         D3D11VertexShader.cpp
         D3D11Buffer.cpp
         D3D11DepthStencilView.cpp
         D3D11RenderTargetView.cpp
         D3D11Resource.cpp
         D3D11ShaderResourceView.cpp
         D3D11Texture1D.cpp
         D3D11Texture2D.cpp
         D3D11Texture3D.cpp
         D3D11UnorderedAccessView.cpp
         D3D11View.cpp
         D2DCustom.cpp
         D2DGeometrySink.cpp
         D2DInterfaces.cpp
         D2DStructs.cpp
         D2DTessellationSink.cpp
         WICBitmap.cpp
         コードを生成中...
         コンパイル中...
         WICBitmapDecoder.cpp
         WICBitmapFrameDecode.cpp
         WICBitmapLock.cpp
         WICBitmapSource.cpp
         WICFormatConverter.cpp
         WICImagingFactory.cpp
         WICStreamWrapper.cpp
         DWriteFactory.cpp
         DWriteFont.cpp
         DWriteFontFace.cpp
         DWriteFontFamily.cpp
         DWriteFontFamilyCollection.cpp
         DWriteInlineObject.cpp
         DWriteRenderingParams.cpp
         DWriteStructs.cpp
         DWriteTextFormat.cpp
         DWriteTextLayout.cpp
         DWriteTypography.cpp
         ICustomInlineObject.cpp
         Direct3DException.cpp
         コードを生成中...
         D:\Program Files (x86)\Microsoft Visual Studio 10.0\VC\bin\CL.exe /c /I"C:\Users\root\Documents\Visual Studio 2010\Projects\SerialPortTest\CodePack_DirectX\\" /Zi /clr /nologo /W3 /WX- /O2 /Oy- /GL /D WIN32 /D NDEBUG /D UNICODE /D _UNICODE /D _WINDLL /D _UNICODE /D UNICODE /EHa /MD /GS /fp:precise /Zc:wchar_t /Zc:forScope /Fo"Release\\" /Fd"Release\vc100.pdb" /TP /analyze- /errorReport:prompt "C:\Users\root\AppData\Local\Temp\.NETFramework,Version=v4.0.AssemblyAttributes.cpp"
         .NETFramework,Version=v4.0.AssemblyAttributes.cpp
     1>C:\Program Files (x86)\MSBuild\Microsoft.Cpp\v4.0\Microsoft.CppBuild.targets(990,5): warning MSB8012: TargetPath(C:\Users\root\Documents\Visual Studio 2010\Projects\SerialPortTest\Release\DirectX.dll) が Linker の OutputFile プロパティ値 (C:\Users\root\Documents\Visual Studio 2010\Projects\SerialPortTest\Release\Microsoft.WindowsAPICodePack.DirectX.dll) と一致しません。このため、プロジェクトが正常にビルドされない可能性があります。この問題を解決するには、$(OutDir)、$(TargetName)、および $(TargetExt) の各プロパティ値が、%(Link.OutputFile) で指定されている値と一致することを確認してください。
     1>C:\Program Files (x86)\MSBuild\Microsoft.Cpp\v4.0\Microsoft.CppBuild.targets(992,5): warning MSB8012: TargetName(DirectX) が Linker の OutputFile プロパティ値 (Microsoft.WindowsAPICodePack.DirectX) と一致しません。このため、プロジェクトが正常にビルドされない可能性があります。この問題を解決するには、$(OutDir)、$(TargetName)、および $(TargetExt) の各プロパティ値が、%(Link.OutputFile) で指定されている値と一致することを確認してください。
       Link:
         D:\Program Files (x86)\Microsoft Visual Studio 10.0\VC\bin\link.exe /ERRORREPORT:PROMPT /OUT:"C:\Users\root\Documents\Visual Studio 2010\Projects\SerialPortTest\Release\Microsoft.WindowsAPICodePack.DirectX.dll" /INCREMENTAL:NO /NOLOGO Gdi32.lib User32.lib /MANIFEST /ManifestFile:"Release\DirectX.dll.intermediate.manifest" /MANIFESTUAC:"level='asInvoker' uiAccess='false'" /DEBUG /PDB:"C:\Users\root\Documents\Visual Studio 2010\Projects\SerialPortTest\Release\DirectX.pdb" /LTCG /TLBID:1 /DYNAMICBASE /FIXED:NO /NXCOMPAT /MACHINE:X86 /DLL Release\AssemblyInfo.obj
         Release\Stdafx.obj
         Release\DXGIAdapter.obj
         Release\DXGIAdapter1.obj
         Release\DXGIDevice.obj
         Release\DXGIDevice1.obj
         Release\DXGIDeviceSubObject.obj
         Release\DXGIException.obj
         Release\DXGIFactory.obj
         Release\DXGIFactory1.obj
         Release\DXGIKeyedMutex.obj
         Release\DXGIObject.obj
         Release\DXGIOutput.obj
         Release\DXGIResource.obj
         Release\DXGISurface.obj
         Release\DXGISurface1.obj
         Release\DXGISwapChain.obj
         Release\AutoIUnknown.obj
         Release\AutoPointer.obj
         Release\CommonUtils.obj
         Release\DirectHelpers.obj
         Release\DirectObject.obj
         Release\DirectUnknown.obj
         Release\LibraryLoader.obj
         Release\D3D10Structs.obj
         Release\D3D10Asynchronous.obj
         Release\D3D10BlendState.obj
         Release\D3D10BlendState1.obj
         Release\D3D10Blob.obj
         Release\D3D10Counter.obj
         Release\D3D10Debug.obj
         Release\D3D10DepthStencilState.obj
         Release\D3D10Device.obj
         Release\D3D10Device1.obj
         Release\D3D10DeviceChild.obj
         Release\D3D10Include.obj
         Release\D3D10InfoQueue.obj
         Release\D3D10InputLayout.obj
         Release\D3D10Multithread.obj
         Release\D3D10Predicate.obj
         Release\D3D10Query.obj
         Release\D3D10RasterizerState.obj
         Release\D3D10SamplerState.obj
         Release\D3D10StateBlock.obj
         Release\D3D10SwitchToRef.obj
         Release\D3D10GeometryShaderPipelineStage.obj
         Release\D3D10InputAssemblerPipelineStage.obj
         Release\D3D10OutputMergerPipelineStage.obj
         Release\D3D10PipelineStage.obj
         Release\D3D10PixelShaderPipelineStage.obj
         Release\D3D10RasterizerPipelineStage.obj
         Release\D3D10StreamOutputPipelineStage.obj
         Release\D3D10VertexShaderPipelineStage.obj
         Release\D3D10Buffer.obj
         Release\D3D10DepthStencilView.obj
         Release\D3D10RenderTargetView.obj
         Release\D3D10Resource.obj
         Release\D3D10ShaderResourceView.obj
         Release\D3D10ShaderResourceView1.obj
         Release\D3D10Texture1D.obj
         Release\D3D10Texture2D.obj
         Release\D3D10Texture3D.obj
         Release\D3D10View.obj
         Release\D3D10GeometryShader.obj
         Release\D3D10PixelShader.obj
         Release\D3D10ShaderReflection.obj
         Release\D3D10ShaderReflection1.obj
         Release\D3D10ShaderReflectionConstantBuffer.obj
         Release\D3D10ShaderReflectionType.obj
         Release\D3D10ShaderReflectionVariable.obj
         Release\D3D10VertexShader.obj
         Release\D3D10Effect.obj
         Release\D3D10EffectBlendVariable.obj
         Release\D3D10EffectConstantBuffer.obj
         Release\D3D10EffectDepthStencilVariable.obj
         Release\D3D10EffectDepthStencilViewVariable.obj
         Release\D3D10EffectMatrixVariable.obj
         Release\D3D10EffectPass.obj
         Release\D3D10EffectPool.obj
         Release\D3D10EffectRasterizerVariable.obj
         Release\D3D10EffectRenderTargetViewVariable.obj
         Release\D3D10EffectSamplerVariable.obj
         Release\D3D10EffectScalarVariable.obj
         Release\D3D10EffectShaderResourceVariable.obj
         Release\D3D10EffectShaderVariable.obj
         Release\D3D10EffectStringVariable.obj
         Release\D3D10EffectTechnique.obj
         Release\D3D10EffectType.obj
         Release\D3D10EffectVariable.obj
         Release\D3D10EffectVectorVariable.obj
         Release\D3D11Asynchronous.obj
         Release\D3D11BlendState.obj
         Release\D3D11CommandList.obj
         Release\D3D11Counter.obj
         Release\D3D11DepthStencilState.obj
         Release\D3D11Device.obj
         Release\D3D11DeviceChild.obj
         Release\D3D11DeviceContext.obj
         Release\D3D11InputLayout.obj
         Release\D3D11Predicate.obj
         Release\D3D11Query.obj
         Release\D3D11RasterizerState.obj
         Release\D3D11SamplerState.obj
         Release\D3D11ComputeShaderPipelineStage.obj
         Release\D3D11DomainShaderPipelineStage.obj
         Release\D3D11GeometryShaderPipelineStage.obj
         Release\D3D11HullShaderPipelineStage.obj
         Release\D3D11InputAssemblerPipelineStage.obj
         Release\D3D11OutputMergerPipelineStage.obj
         Release\D3D11PipelineStage.obj
         Release\D3D11PixelShaderPipelineStage.obj
         Release\D3D11RasterizerPipelineStage.obj
         Release\D3D11StreamOutputPipelineStage.obj
         Release\D3D11VertexShaderPipelineStage.obj
         Release\D3D11Debug.obj
         Release\D3D11InfoQueue.obj
         Release\D3D11SwitchToRef.obj
         Release\D3D11ClassInstance.obj
         Release\D3D11ClassLinkage.obj
         Release\D3D11ComputeShader.obj
         Release\D3D11DomainShader.obj
         Release\D3D11GeometryShader.obj
         Release\D3D11HullShader.obj
         Release\D3D11PixelShader.obj
         Release\D3D11VertexShader.obj
         Release\D3D11Buffer.obj
         Release\D3D11DepthStencilView.obj
         Release\D3D11RenderTargetView.obj
         Release\D3D11Resource.obj
         Release\D3D11ShaderResourceView.obj
         Release\D3D11Texture1D.obj
         Release\D3D11Texture2D.obj
         Release\D3D11Texture3D.obj
         Release\D3D11UnorderedAccessView.obj
         Release\D3D11View.obj
         Release\D2DCustom.obj
         Release\D2DGeometrySink.obj
         Release\D2DInterfaces.obj
         Release\D2DStructs.obj
         Release\D2DTessellationSink.obj
         Release\WICBitmap.obj
         Release\WICBitmapDecoder.obj
         Release\WICBitmapFrameDecode.obj
         Release\WICBitmapLock.obj
         Release\WICBitmapSource.obj
         Release\WICFormatConverter.obj
         Release\WICImagingFactory.obj
         Release\WICStreamWrapper.obj
         Release\DWriteFactory.obj
         Release\DWriteFont.obj
         Release\DWriteFontFace.obj
         Release\DWriteFontFamily.obj
         Release\DWriteFontFamilyCollection.obj
         Release\DWriteInlineObject.obj
         Release\DWriteRenderingParams.obj
         Release\DWriteStructs.obj
         Release\DWriteTextFormat.obj
         Release\DWriteTextLayout.obj
         Release\DWriteTypography.obj
         Release\ICustomInlineObject.obj
         Release\Direct3DException.obj
         "Release\.NETFramework,Version=v4.0.AssemblyAttributes.obj"
         LINK : /LTCG が指定されましたが、コードの生成は必要ありません。リンク コマンド ラインから /LTCG を削除し、リンカーの性能を改善してください。
         DirectX.vcxproj -> C:\Users\root\Documents\Visual Studio 2010\Projects\SerialPortTest\Release\DirectX.dll
       Manifest:
         C:\Program Files (x86)\Microsoft SDKs\Windows\v7.0A\bin\mt.exe /nologo /verbose /outputresource:"C:\Users\root\Documents\Visual Studio 2010\Projects\SerialPortTest\Release\Microsoft.WindowsAPICodePack.DirectX.dll;#2" /manifest Release\DirectX.dll.intermediate.manifest
       FinalizeBuildStatus:
         ファイル "Release\DirectX.unsuccessfulbuild" を削除しています。
         "Release\DirectX.lastbuildstate" のタッチ タスクを実行しています。
     1>プロジェクト "C:\Users\root\Documents\Visual Studio 2010\Projects\SerialPortTest\CodePack_DirectX\DirectX.vcxproj" (build ターゲット) のビルドが完了しました。

ビルドに成功しました。

経過時間 00:02:54.19
