C:\USERS\ROOT\DOCUMENTS\TRAINUTILIZINGSYSTEM\SERVERUTILITY\DEBUG\SURFACEQUEUEINTEROPHELPER.DLL
C:\USERS\ROOT\DOCUMENTS\TRAINUTILIZINGSYSTEM\SERVERUTILITY\DEBUG\SURFACEQUEUEINTEROPHELPER.ILK
C:\USERS\ROOT\DOCUMENTS\TRAINUTILIZINGSYSTEM\SERVERUTILITY\DEBUG\SURFACEQUEUEINTEROPHELPER.PDB
C:\Users\root\Documents\TrainUtilizingSystem\ServerUtility\SurfaceQueueInteropHelper\Debug\.NETFramework,Version=v4.0.AssemblyAttributes.obj
C:\USERS\ROOT\DOCUMENTS\TRAINUTILIZINGSYSTEM\SERVERUTILITY\SURFACEQUEUEINTEROPHELPER\DEBUG\APP.RES
C:\USERS\ROOT\DOCUMENTS\TRAINUTILIZINGSYSTEM\SERVERUTILITY\SURFACEQUEUEINTEROPHELPER\DEBUG\ASSEMBLYINFO.OBJ
C:\Users\root\Documents\TrainUtilizingSystem\ServerUtility\SurfaceQueueInteropHelper\Debug\cl.command.1.tlog
C:\Users\root\Documents\TrainUtilizingSystem\ServerUtility\SurfaceQueueInteropHelper\Debug\CL.read.1.tlog
C:\Users\root\Documents\TrainUtilizingSystem\ServerUtility\SurfaceQueueInteropHelper\Debug\CL.write.1.tlog
C:\Users\root\Documents\TrainUtilizingSystem\ServerUtility\SurfaceQueueInteropHelper\Debug\link.6048.read.1.tlog
C:\Users\root\Documents\TrainUtilizingSystem\ServerUtility\SurfaceQueueInteropHelper\Debug\link.6048.write.1.tlog
C:\Users\root\Documents\TrainUtilizingSystem\ServerUtility\SurfaceQueueInteropHelper\Debug\link.6048-cvtres.read.1.tlog
C:\Users\root\Documents\TrainUtilizingSystem\ServerUtility\SurfaceQueueInteropHelper\Debug\link.6048-cvtres.write.1.tlog
C:\Users\root\Documents\TrainUtilizingSystem\ServerUtility\SurfaceQueueInteropHelper\Debug\link.6924.read.1.tlog
C:\Users\root\Documents\TrainUtilizingSystem\ServerUtility\SurfaceQueueInteropHelper\Debug\link.6924.write.1.tlog
C:\Users\root\Documents\TrainUtilizingSystem\ServerUtility\SurfaceQueueInteropHelper\Debug\link.6924-cvtres.read.1.tlog
C:\Users\root\Documents\TrainUtilizingSystem\ServerUtility\SurfaceQueueInteropHelper\Debug\link.6924-cvtres.write.1.tlog
C:\Users\root\Documents\TrainUtilizingSystem\ServerUtility\SurfaceQueueInteropHelper\Debug\link.7520.read.1.tlog
C:\Users\root\Documents\TrainUtilizingSystem\ServerUtility\SurfaceQueueInteropHelper\Debug\link.7520.write.1.tlog
C:\Users\root\Documents\TrainUtilizingSystem\ServerUtility\SurfaceQueueInteropHelper\Debug\link.7520-cvtres.read.1.tlog
C:\Users\root\Documents\TrainUtilizingSystem\ServerUtility\SurfaceQueueInteropHelper\Debug\link.7520-cvtres.write.1.tlog
C:\Users\root\Documents\TrainUtilizingSystem\ServerUtility\SurfaceQueueInteropHelper\Debug\link.command.1.tlog
C:\Users\root\Documents\TrainUtilizingSystem\ServerUtility\SurfaceQueueInteropHelper\Debug\link.read.1.tlog
C:\Users\root\Documents\TrainUtilizingSystem\ServerUtility\SurfaceQueueInteropHelper\Debug\link.write.1.tlog
C:\Users\root\Documents\TrainUtilizingSystem\ServerUtility\SurfaceQueueInteropHelper\Debug\metagen.read.1.tlog
C:\Users\root\Documents\TrainUtilizingSystem\ServerUtility\SurfaceQueueInteropHelper\Debug\metagen.write.1.tlog
C:\Users\root\Documents\TrainUtilizingSystem\ServerUtility\SurfaceQueueInteropHelper\Debug\mt.command.1.tlog
C:\Users\root\Documents\TrainUtilizingSystem\ServerUtility\SurfaceQueueInteropHelper\Debug\mt.read.1.tlog
C:\Users\root\Documents\TrainUtilizingSystem\ServerUtility\SurfaceQueueInteropHelper\Debug\mt.write.1.tlog
C:\Users\root\Documents\TrainUtilizingSystem\ServerUtility\SurfaceQueueInteropHelper\Debug\rc.command.1.tlog
C:\Users\root\Documents\TrainUtilizingSystem\ServerUtility\SurfaceQueueInteropHelper\Debug\rc.read.1.tlog
C:\Users\root\Documents\TrainUtilizingSystem\ServerUtility\SurfaceQueueInteropHelper\Debug\rc.write.1.tlog
C:\Users\root\Documents\TrainUtilizingSystem\ServerUtility\SurfaceQueueInteropHelper\Debug\RSAENH.DLL.bi
C:\USERS\ROOT\DOCUMENTS\TRAINUTILIZINGSYSTEM\SERVERUTILITY\SURFACEQUEUEINTEROPHELPER\DEBUG\STDAFX.OBJ
C:\USERS\ROOT\DOCUMENTS\TRAINUTILIZINGSYSTEM\SERVERUTILITY\SURFACEQUEUEINTEROPHELPER\DEBUG\SURFACEQUEUEINTEROPHELPER.DLL.INTERMEDIATE.MANIFEST
C:\USERS\ROOT\DOCUMENTS\TRAINUTILIZINGSYSTEM\SERVERUTILITY\SURFACEQUEUEINTEROPHELPER\DEBUG\SURFACEQUEUEINTEROPHELPER.OBJ
C:\USERS\ROOT\DOCUMENTS\TRAINUTILIZINGSYSTEM\SERVERUTILITY\SURFACEQUEUEINTEROPHELPER\DEBUG\SURFACEQUEUEINTEROPHELPER.PCH
C:\Users\root\Documents\TrainUtilizingSystem\ServerUtility\SurfaceQueueInteropHelper\Debug\SurfaceQueueInteropHelper.write.1.tlog
C:\Users\root\Documents\TrainUtilizingSystem\ServerUtility\SurfaceQueueInteropHelper\Debug\TZRES.DLL.bi
C:\USERS\ROOT\DOCUMENTS\TRAINUTILIZINGSYSTEM\SERVERUTILITY\SURFACEQUEUEINTEROPHELPER\DEBUG\VC100.PDB
C:\USERS\ROOT\DOCUMENTS\VISUAL STUDIO 2010\PROJECTS\SERIALPORTTEST\DEBUG\SURFACEQUEUEINTEROPHELPER.DLL
C:\USERS\ROOT\DOCUMENTS\VISUAL STUDIO 2010\PROJECTS\SERIALPORTTEST\DEBUG\SURFACEQUEUEINTEROPHELPER.ILK
C:\USERS\ROOT\DOCUMENTS\VISUAL STUDIO 2010\PROJECTS\SERIALPORTTEST\DEBUG\SURFACEQUEUEINTEROPHELPER.PDB
C:\USERS\ROOT\DOCUMENTS\VISUAL STUDIO 2010\PROJECTS\SERIALPORTTEST\SURFACEQUEUEINTEROPHELPER\DEBUG\.NETFRAMEWORK,VERSION=V4.0.ASSEMBLYATTRIBUTES.OBJ
C:\USERS\ROOT\DOCUMENTS\VISUAL STUDIO 2010\PROJECTS\SERIALPORTTEST\SURFACEQUEUEINTEROPHELPER\DEBUG\APP.RES
C:\USERS\ROOT\DOCUMENTS\VISUAL STUDIO 2010\PROJECTS\SERIALPORTTEST\SURFACEQUEUEINTEROPHELPER\DEBUG\ASSEMBLYINFO.OBJ
C:\USERS\ROOT\DOCUMENTS\VISUAL STUDIO 2010\PROJECTS\SERIALPORTTEST\SURFACEQUEUEINTEROPHELPER\DEBUG\STDAFX.OBJ
C:\USERS\ROOT\DOCUMENTS\VISUAL STUDIO 2010\PROJECTS\SERIALPORTTEST\SURFACEQUEUEINTEROPHELPER\DEBUG\SURFACEQUEUEINTEROPHELPER.DLL.INTERMEDIATE.MANIFEST
C:\USERS\ROOT\DOCUMENTS\VISUAL STUDIO 2010\PROJECTS\SERIALPORTTEST\SURFACEQUEUEINTEROPHELPER\DEBUG\SURFACEQUEUEINTEROPHELPER.OBJ
C:\USERS\ROOT\DOCUMENTS\VISUAL STUDIO 2010\PROJECTS\SERIALPORTTEST\SURFACEQUEUEINTEROPHELPER\DEBUG\SURFACEQUEUEINTEROPHELPER.PCH
C:\USERS\ROOT\DOCUMENTS\VISUAL STUDIO 2010\PROJECTS\SERIALPORTTEST\SURFACEQUEUEINTEROPHELPER\DEBUG\VC100.PDB
