2011/07/17 22:12:29 にビルドを開始しました。
     1>ノード 3 上のプロジェクト "C:\Users\root\Documents\TrainUtilizingSystem\ServerUtility\SurfaceQueueInteropHelper\SurfaceQueueInteropHelper.vcxproj" (build ターゲット)。
     1>InitializeBuildStatus:
         "AlwaysCreate" が指定されたため "Debug\SurfaceQueueInteropHelper.unsuccessfulbuild" を作成しています。
       GenerateTargetFrameworkMonikerAttribute:
       すべての出力ファイルが入力ファイルに対して最新なので、ターゲット "GenerateTargetFrameworkMonikerAttribute" を省略します。
       ClCompile:
         すべての出力が最新のものです。
         すべての出力が最新のものです。
         すべての出力が最新のものです。
       ResourceCompile:
         すべての出力が最新のものです。
       Link:
         すべての出力が最新のものです。
         SurfaceQueueInteropHelper.vcxproj -> C:\Users\root\Documents\TrainUtilizingSystem\ServerUtility\Debug\SurfaceQueueInteropHelper.dll
       MetaGen:
       すべての出力ファイルが入力ファイルに対して最新なので、ターゲット "MetaGen" を省略します。
       FinalizeBuildStatus:
         ファイル "Debug\SurfaceQueueInteropHelper.unsuccessfulbuild" を削除しています。
         "Debug\SurfaceQueueInteropHelper.lastbuildstate" のタッチ タスクを実行しています。
     1>プロジェクト "C:\Users\root\Documents\TrainUtilizingSystem\ServerUtility\SurfaceQueueInteropHelper\SurfaceQueueInteropHelper.vcxproj" (build ターゲット) のビルドが完了しました。

ビルドに成功しました。

経過時間 00:00:00.51
