C:\USERS\ROOT\DOCUMENTS\VISUAL STUDIO 2010\PROJECTS\SERIALPORTTEST\RELEASE\SURFACEQUEUEINTEROPHELPER.DLL
C:\USERS\ROOT\DOCUMENTS\VISUAL STUDIO 2010\PROJECTS\SERIALPORTTEST\RELEASE\SURFACEQUEUEINTEROPHELPER.PDB
C:\USERS\ROOT\DOCUMENTS\VISUAL STUDIO 2010\PROJECTS\SERIALPORTTEST\SURFACEQUEUEINTEROPHELPER\RELEASE\.NETFRAMEWORK,VERSION=V4.0.ASSEMBLYATTRIBUTES.OBJ
C:\USERS\ROOT\DOCUMENTS\VISUAL STUDIO 2010\PROJECTS\SERIALPORTTEST\SURFACEQUEUEINTEROPHELPER\RELEASE\APP.RES
C:\USERS\ROOT\DOCUMENTS\VISUAL STUDIO 2010\PROJECTS\SERIALPORTTEST\SURFACEQUEUEINTEROPHELPER\RELEASE\ASSEMBLYINFO.OBJ
C:\Users\root\Documents\Visual Studio 2010\Projects\SerialPortTest\SurfaceQueueInteropHelper\Release\cl.command.1.tlog
C:\Users\root\Documents\Visual Studio 2010\Projects\SerialPortTest\SurfaceQueueInteropHelper\Release\CL.read.1.tlog
C:\Users\root\Documents\Visual Studio 2010\Projects\SerialPortTest\SurfaceQueueInteropHelper\Release\CL.write.1.tlog
C:\Users\root\Documents\Visual Studio 2010\Projects\SerialPortTest\SurfaceQueueInteropHelper\Release\link.1088.read.1.tlog
C:\Users\root\Documents\Visual Studio 2010\Projects\SerialPortTest\SurfaceQueueInteropHelper\Release\link.1088.write.1.tlog
C:\Users\root\Documents\Visual Studio 2010\Projects\SerialPortTest\SurfaceQueueInteropHelper\Release\link.1088-cvtres.read.1.tlog
C:\Users\root\Documents\Visual Studio 2010\Projects\SerialPortTest\SurfaceQueueInteropHelper\Release\link.1088-cvtres.write.1.tlog
C:\Users\root\Documents\Visual Studio 2010\Projects\SerialPortTest\SurfaceQueueInteropHelper\Release\link.command.1.tlog
C:\Users\root\Documents\Visual Studio 2010\Projects\SerialPortTest\SurfaceQueueInteropHelper\Release\link.read.1.tlog
C:\Users\root\Documents\Visual Studio 2010\Projects\SerialPortTest\SurfaceQueueInteropHelper\Release\link.write.1.tlog
C:\Users\root\Documents\Visual Studio 2010\Projects\SerialPortTest\SurfaceQueueInteropHelper\Release\link-cvtres.read.1.tlog
C:\Users\root\Documents\Visual Studio 2010\Projects\SerialPortTest\SurfaceQueueInteropHelper\Release\link-cvtres.write.1.tlog
C:\Users\root\Documents\Visual Studio 2010\Projects\SerialPortTest\SurfaceQueueInteropHelper\Release\metagen.read.1.tlog
C:\Users\root\Documents\Visual Studio 2010\Projects\SerialPortTest\SurfaceQueueInteropHelper\Release\metagen.write.1.tlog
C:\Users\root\Documents\Visual Studio 2010\Projects\SerialPortTest\SurfaceQueueInteropHelper\Release\mt.command.1.tlog
C:\Users\root\Documents\Visual Studio 2010\Projects\SerialPortTest\SurfaceQueueInteropHelper\Release\mt.read.1.tlog
C:\Users\root\Documents\Visual Studio 2010\Projects\SerialPortTest\SurfaceQueueInteropHelper\Release\mt.write.1.tlog
C:\Users\root\Documents\Visual Studio 2010\Projects\SerialPortTest\SurfaceQueueInteropHelper\Release\rc.command.1.tlog
C:\Users\root\Documents\Visual Studio 2010\Projects\SerialPortTest\SurfaceQueueInteropHelper\Release\rc.read.1.tlog
C:\Users\root\Documents\Visual Studio 2010\Projects\SerialPortTest\SurfaceQueueInteropHelper\Release\rc.write.1.tlog
C:\Users\root\Documents\Visual Studio 2010\Projects\SerialPortTest\SurfaceQueueInteropHelper\Release\RSAENH.DLL.bi
C:\USERS\ROOT\DOCUMENTS\VISUAL STUDIO 2010\PROJECTS\SERIALPORTTEST\SURFACEQUEUEINTEROPHELPER\RELEASE\STDAFX.OBJ
C:\USERS\ROOT\DOCUMENTS\VISUAL STUDIO 2010\PROJECTS\SERIALPORTTEST\SURFACEQUEUEINTEROPHELPER\RELEASE\SURFACEQUEUEINTEROPHELPER.DLL.INTERMEDIATE.MANIFEST
C:\USERS\ROOT\DOCUMENTS\VISUAL STUDIO 2010\PROJECTS\SERIALPORTTEST\SURFACEQUEUEINTEROPHELPER\RELEASE\SURFACEQUEUEINTEROPHELPER.OBJ
C:\USERS\ROOT\DOCUMENTS\VISUAL STUDIO 2010\PROJECTS\SERIALPORTTEST\SURFACEQUEUEINTEROPHELPER\RELEASE\SURFACEQUEUEINTEROPHELPER.PCH
C:\Users\root\Documents\Visual Studio 2010\Projects\SerialPortTest\SurfaceQueueInteropHelper\Release\SurfaceQueueInteropHelper.write.1.tlog
C:\Users\root\Documents\Visual Studio 2010\Projects\SerialPortTest\SurfaceQueueInteropHelper\Release\TZRES.DLL.bi
C:\USERS\ROOT\DOCUMENTS\VISUAL STUDIO 2010\PROJECTS\SERIALPORTTEST\SURFACEQUEUEINTEROPHELPER\RELEASE\VC100.PDB
