2011/07/06 18:54:35 にビルドを開始しました。
     1>ノード 3 上のプロジェクト "C:\Users\root\Documents\Visual Studio 2010\Projects\SerialPortTest\SurfaceQueueInteropHelper\SurfaceQueueInteropHelper.vcxproj" (build ターゲット)。
     1>InitializeBuildStatus:
         "AlwaysCreate" が指定されたため "Release\SurfaceQueueInteropHelper.unsuccessfulbuild" を作成しています。
       GenerateTargetFrameworkMonikerAttribute:
       すべての出力ファイルが入力ファイルに対して最新なので、ターゲット "GenerateTargetFrameworkMonikerAttribute" を省略します。
       ClCompile:
         D:\Program Files (x86)\Microsoft Visual Studio 10.0\VC\bin\CL.exe /c /I"D:\Program Files (x86)\Microsoft DirectX SDK (June 2010)\Include" /I..\SurfaceQueueLib /AI"C:\Program Files (x86)\Reference Assemblies\Microsoft\Framework\.NETFramework\v4.0" /Zi /clr /nologo /W3 /WX- /O2 /Oy- /D WIN32 /D NDEBUG /D _WINDLL /D _UNICODE /D UNICODE /EHa /MD /GS /fp:precise /Zc:wchar_t /Zc:forScope /Yc"StdAfx.h" /Fp"Release\SurfaceQueueInteropHelper.pch" /Fo"Release\\" /Fd"Release\vc100.pdb" /TP /FU"C:\Program Files (x86)\Reference Assemblies\Microsoft\Framework\.NETFramework\v4.0\PresentationCore.dll" /FU"C:\Program Files (x86)\Reference Assemblies\Microsoft\Framework\.NETFramework\v4.0\System.Core.dll" /FU"C:\Program Files (x86)\Reference Assemblies\Microsoft\Framework\.NETFramework\v4.0\System.Data.dll" /FU"C:\Program Files (x86)\Reference Assemblies\Microsoft\Framework\.NETFramework\v4.0\System.dll" /FU"C:\Program Files (x86)\Reference Assemblies\Microsoft\Framework\.NETFramework\v4.0\System.Xml.dll" /FU"C:\Program Files (x86)\Reference Assemblies\Microsoft\Framework\.NETFramework\v4.0\WindowsBase.dll" /analyze- /errorReport:prompt Stdafx.cpp /clr:nostdlib 
         Stdafx.cpp
         D:\Program Files (x86)\Microsoft Visual Studio 10.0\VC\bin\CL.exe /c /I"D:\Program Files (x86)\Microsoft DirectX SDK (June 2010)\Include" /I..\SurfaceQueueLib /AI"C:\Program Files (x86)\Reference Assemblies\Microsoft\Framework\.NETFramework\v4.0" /Zi /clr /nologo /W3 /WX- /O2 /Oy- /D WIN32 /D NDEBUG /D _WINDLL /D _UNICODE /D UNICODE /EHa /MD /GS /fp:precise /Zc:wchar_t /Zc:forScope /Yu"StdAfx.h" /Fp"Release\SurfaceQueueInteropHelper.pch" /Fo"Release\\" /Fd"Release\vc100.pdb" /TP /FU"C:\Program Files (x86)\Reference Assemblies\Microsoft\Framework\.NETFramework\v4.0\PresentationCore.dll" /FU"C:\Program Files (x86)\Reference Assemblies\Microsoft\Framework\.NETFramework\v4.0\System.Core.dll" /FU"C:\Program Files (x86)\Reference Assemblies\Microsoft\Framework\.NETFramework\v4.0\System.Data.dll" /FU"C:\Program Files (x86)\Reference Assemblies\Microsoft\Framework\.NETFramework\v4.0\System.dll" /FU"C:\Program Files (x86)\Reference Assemblies\Microsoft\Framework\.NETFramework\v4.0\System.Xml.dll" /FU"C:\Program Files (x86)\Reference Assemblies\Microsoft\Framework\.NETFramework\v4.0\WindowsBase.dll" /analyze- /errorReport:prompt AssemblyInfo.cpp SurfaceQueueInteropHelper.cpp /clr:nostdlib 
         AssemblyInfo.cpp
         SurfaceQueueInteropHelper.cpp
         コードを生成中...
         D:\Program Files (x86)\Microsoft Visual Studio 10.0\VC\bin\CL.exe /c /I"D:\Program Files (x86)\Microsoft DirectX SDK (June 2010)\Include" /I..\SurfaceQueueLib /Zi /clr /nologo /W3 /WX- /O2 /Oy- /D WIN32 /D NDEBUG /D _WINDLL /D _UNICODE /D UNICODE /EHa /MD /GS /fp:precise /Zc:wchar_t /Zc:forScope /Fo"Release\\" /Fd"Release\vc100.pdb" /TP /analyze- /errorReport:prompt "C:\Users\root\AppData\Local\Temp\.NETFramework,Version=v4.0.AssemblyAttributes.cpp"
         .NETFramework,Version=v4.0.AssemblyAttributes.cpp
       ResourceCompile:
         C:\Program Files (x86)\Microsoft SDKs\Windows\v7.0A\bin\rc.exe /D _UNICODE /D UNICODE /l"0x0409" /nologo /fo"Release\app.res" app.rc 
       Link:
         D:\Program Files (x86)\Microsoft Visual Studio 10.0\VC\bin\link.exe /ERRORREPORT:PROMPT /OUT:"C:\Users\root\Documents\Visual Studio 2010\Projects\SerialPortTest\Release\SurfaceQueueInteropHelper.dll" /INCREMENTAL:NO /NOLOGO /LIBPATH:"D:\Program Files (x86)\Microsoft DirectX SDK (June 2010)\Lib\x86" /LIBPATH:..\Release SurfaceQueueLib.lib dxgi.lib d3d9.lib d3dx9d.lib d3d10_1.lib d3dx10d.lib kernel32.lib user32.lib gdi32.lib winspool.lib comdlg32.lib advapi32.lib shell32.lib ole32.lib oleaut32.lib uuid.lib odbc32.lib odbccp32.lib /MANIFEST /ManifestFile:"Release\SurfaceQueueInteropHelper.dll.intermediate.manifest" /MANIFESTUAC:"level='asInvoker' uiAccess='false'" /DEBUG /PDB:"C:\Users\root\Documents\Visual Studio 2010\Projects\SerialPortTest\Release\SurfaceQueueInteropHelper.pdb" /TLBID:1 /DYNAMICBASE /FIXED:NO /NXCOMPAT /MACHINE:X86 /DLL Release\app.res
         Release\AssemblyInfo.obj
         Release\Stdafx.obj
         Release\SurfaceQueueInteropHelper.obj
         "Release\.NETFramework,Version=v4.0.AssemblyAttributes.obj"
         SurfaceQueueLib.lib(SurfaceQueue.obj) : MSIL .netmodule または /GL を伴ってコンパイルされたモジュールが見つかりました。/LTCG を使用して再開始してください。リンカーのパフォーマンスを向上させるためには、コマンドラインに /LTCG を追加してください。
         コード生成しています。
         コード生成が終了しました。
         SurfaceQueueInteropHelper.vcxproj -> C:\Users\root\Documents\Visual Studio 2010\Projects\SerialPortTest\Release\SurfaceQueueInteropHelper.dll
       Manifest:
         C:\Program Files (x86)\Microsoft SDKs\Windows\v7.0A\bin\mt.exe /nologo /verbose /outputresource:"C:\Users\root\Documents\Visual Studio 2010\Projects\SerialPortTest\Release\SurfaceQueueInteropHelper.dll;#2" /manifest Release\SurfaceQueueInteropHelper.dll.intermediate.manifest
       FinalizeBuildStatus:
         ファイル "Release\SurfaceQueueInteropHelper.unsuccessfulbuild" を削除しています。
         "Release\SurfaceQueueInteropHelper.lastbuildstate" のタッチ タスクを実行しています。
     1>プロジェクト "C:\Users\root\Documents\Visual Studio 2010\Projects\SerialPortTest\SurfaceQueueInteropHelper\SurfaceQueueInteropHelper.vcxproj" (build ターゲット) のビルドが完了しました。

ビルドに成功しました。

経過時間 00:02:13.96
